
INFO 2023-12-30 09:42:20,775 [root:<stdin>:<module>:1]
This is some information about your code

WARNING 2023-12-30 09:42:34,109 [root:<stdin>:<module>:1]
You should be aware of this

CRITICAL 2023-12-30 09:42:53,926 [root:<stdin>:<module>:1]
There is something really wrong with this process

ERROR 2023-12-30 09:43:07,150 [root:<stdin>:<module>:1]
There is an error

INFO 2023-12-30 21:01:48,085 [root:models.py:get_backbone:44]
Loading ResNet50 Backbone

INFO 2023-12-30 21:03:01,961 [root:models.py:get_backbone:44]
Loading ResNet50 Backbone

INFO 2023-12-30 21:05:55,526 [root:models.py:get_backbone:44]
Loading ResNet50 Backbone

INFO 2023-12-30 21:10:25,791 [root:models.py:get_backbone:44]
Loading ResNet50 Backbone

INFO 2023-12-30 21:10:26,237 [root:models.py:get_backbone:44]
Loading ResNet50 Backbone

INFO 2023-12-30 21:12:23,392 [root:models.py:get_backbone:44]
Loading ResNet50 Backbone

INFO 2023-12-30 21:12:23,834 [root:models.py:get_backbone:26]
Loading ResNet18 Backbone

INFO 2023-12-30 21:12:24,080 [root:models.py:get_backbone:44]
Loading ResNet50 Backbone

INFO 2023-12-30 21:18:08,441 [root:models.py:get_backbone:44]
Loading ResNet50 Backbone

INFO 2023-12-30 21:18:08,875 [root:models.py:get_backbone:26]
Loading ResNet18 Backbone

INFO 2023-12-30 21:18:09,101 [root:models.py:get_backbone:44]
Loading ResNet50 Backbone

INFO 2023-12-30 21:18:09,602 [root:models.py:get_aggregation:77]
Loading MAC Aggregation

INFO 2023-12-30 21:18:09,659 [root:models.py:get_aggregation:82]
Loading SPOC Aggregation

INFO 2023-12-30 21:18:09,663 [root:models.py:get_aggregation:87]
Loading GEM Aggregation

INFO 2023-12-30 21:18:22,731 [root:models.py:get_backbone:44]
Loading ResNet50 Backbone

INFO 2023-12-30 21:18:23,164 [root:models.py:get_backbone:26]
Loading ResNet18 Backbone

INFO 2023-12-30 21:18:23,385 [root:models.py:get_backbone:44]
Loading ResNet50 Backbone

INFO 2023-12-30 21:18:23,891 [root:models.py:get_aggregation:77]
Loading MAC Aggregation

INFO 2023-12-30 21:18:23,950 [root:models.py:get_aggregation:82]
Loading SPOC Aggregation

INFO 2023-12-30 21:18:23,954 [root:models.py:get_aggregation:87]
Loading GEM Aggregation

INFO 2023-12-30 21:18:52,767 [root:models.py:get_backbone:44]
Loading ResNet50 Backbone

INFO 2023-12-30 21:18:53,199 [root:models.py:get_backbone:26]
Loading ResNet18 Backbone

INFO 2023-12-30 21:18:53,424 [root:models.py:get_backbone:44]
Loading ResNet50 Backbone

INFO 2023-12-30 21:18:53,925 [root:models.py:get_aggregation:77]
Loading MAC Aggregation

INFO 2023-12-30 21:18:53,928 [root:models.py:get_aggregation:82]
Loading SPOC Aggregation

INFO 2023-12-30 21:18:53,931 [root:models.py:get_aggregation:87]
Loading GEM Aggregation

INFO 2023-12-30 21:22:27,324 [root:models.py:get_backbone:44]
Loading ResNet50 Backbone

INFO 2023-12-30 21:22:27,761 [root:models.py:get_backbone:26]
Loading ResNet18 Backbone

INFO 2023-12-30 21:22:27,992 [root:models.py:get_backbone:44]
Loading ResNet50 Backbone

INFO 2023-12-30 21:22:28,510 [root:models.py:get_aggregation:77]
Loading MAC Aggregation

INFO 2023-12-30 21:22:28,513 [root:models.py:get_aggregation:82]
Loading SPOC Aggregation

INFO 2023-12-30 21:22:28,516 [root:models.py:get_aggregation:87]
Loading GEM Aggregation

INFO 2023-12-30 21:22:28,520 [root:models.py:get_backbone:44]
Loading ResNet50 Backbone

INFO 2023-12-30 21:22:28,952 [root:models.py:get_aggregation:87]
Loading GEM Aggregation

INFO 2023-12-30 21:22:29,022 [root:models.py:get_backbone:44]
Loading ResNet50 Backbone

INFO 2023-12-30 21:22:29,466 [root:models.py:get_aggregation:87]
Loading GEM Aggregation

INFO 2023-12-30 21:22:29,538 [root:models.py:get_backbone:44]
Loading ResNet50 Backbone

INFO 2023-12-30 21:22:29,968 [root:models.py:get_aggregation:87]
Loading GEM Aggregation

INFO 2023-12-30 21:22:30,037 [root:models.py:get_backbone:44]
Loading ResNet50 Backbone

INFO 2023-12-30 21:22:30,469 [root:models.py:get_aggregation:87]
Loading GEM Aggregation

INFO 2023-12-30 21:22:30,538 [root:models.py:get_backbone:44]
Loading ResNet50 Backbone

INFO 2023-12-30 21:22:30,974 [root:models.py:get_aggregation:87]
Loading GEM Aggregation

INFO 2023-12-30 21:22:31,046 [root:models.py:get_backbone:44]
Loading ResNet50 Backbone

INFO 2023-12-30 21:22:31,470 [root:models.py:get_aggregation:87]
Loading GEM Aggregation

INFO 2023-12-30 21:25:39,089 [root:models.py:get_backbone:44]
Loading ResNet50 Backbone

INFO 2023-12-30 21:25:39,520 [root:models.py:get_backbone:26]
Loading ResNet18 Backbone

INFO 2023-12-30 21:25:39,746 [root:models.py:get_backbone:44]
Loading ResNet50 Backbone

INFO 2023-12-30 21:25:40,245 [root:models.py:get_aggregation:77]
Loading MAC Aggregation

INFO 2023-12-30 21:25:40,248 [root:models.py:get_aggregation:82]
Loading SPOC Aggregation

INFO 2023-12-30 21:25:40,251 [root:models.py:get_aggregation:87]
Loading GEM Aggregation

INFO 2023-12-30 21:25:40,255 [root:models.py:get_backbone:44]
Loading ResNet50 Backbone

INFO 2023-12-30 21:25:40,676 [root:models.py:get_aggregation:87]
Loading GEM Aggregation

INFO 2023-12-30 21:25:40,801 [root:models.py:get_backbone:44]
Loading ResNet50 Backbone

INFO 2023-12-30 21:25:41,218 [root:models.py:get_aggregation:87]
Loading GEM Aggregation

INFO 2023-12-30 21:25:41,335 [root:models.py:get_backbone:44]
Loading ResNet50 Backbone

INFO 2023-12-30 21:25:41,759 [root:models.py:get_aggregation:87]
Loading GEM Aggregation

INFO 2023-12-30 21:25:41,891 [root:models.py:get_backbone:44]
Loading ResNet50 Backbone

INFO 2023-12-30 21:25:42,308 [root:models.py:get_aggregation:87]
Loading GEM Aggregation

INFO 2023-12-30 21:25:42,437 [root:models.py:get_backbone:44]
Loading ResNet50 Backbone

INFO 2023-12-30 21:25:42,853 [root:models.py:get_aggregation:87]
Loading GEM Aggregation

INFO 2023-12-30 21:25:42,969 [root:models.py:get_backbone:44]
Loading ResNet50 Backbone

INFO 2023-12-30 21:25:43,390 [root:models.py:get_aggregation:87]
Loading GEM Aggregation

INFO 2023-12-30 21:25:58,586 [root:models.py:get_backbone:44]
Loading ResNet50 Backbone

INFO 2023-12-30 21:25:59,022 [root:models.py:get_backbone:26]
Loading ResNet18 Backbone

INFO 2023-12-30 21:25:59,247 [root:models.py:get_backbone:44]
Loading ResNet50 Backbone

INFO 2023-12-30 21:25:59,742 [root:models.py:get_aggregation:77]
Loading MAC Aggregation

INFO 2023-12-30 21:25:59,746 [root:models.py:get_aggregation:82]
Loading SPOC Aggregation

INFO 2023-12-30 21:25:59,749 [root:models.py:get_aggregation:87]
Loading GEM Aggregation

INFO 2023-12-30 21:25:59,752 [root:models.py:get_backbone:44]
Loading ResNet50 Backbone

INFO 2023-12-30 21:26:00,166 [root:models.py:get_aggregation:87]
Loading GEM Aggregation

INFO 2023-12-30 21:26:00,229 [root:models.py:get_backbone:44]
Loading ResNet50 Backbone

INFO 2023-12-30 21:26:00,647 [root:models.py:get_aggregation:87]
Loading GEM Aggregation

INFO 2023-12-30 21:26:00,717 [root:models.py:get_backbone:44]
Loading ResNet50 Backbone

INFO 2023-12-30 21:26:01,132 [root:models.py:get_aggregation:87]
Loading GEM Aggregation

INFO 2023-12-30 21:26:01,194 [root:models.py:get_backbone:44]
Loading ResNet50 Backbone

INFO 2023-12-30 21:26:01,612 [root:models.py:get_aggregation:87]
Loading GEM Aggregation

INFO 2023-12-30 21:26:01,685 [root:models.py:get_backbone:44]
Loading ResNet50 Backbone

INFO 2023-12-30 21:26:02,103 [root:models.py:get_aggregation:87]
Loading GEM Aggregation

INFO 2023-12-30 21:26:02,169 [root:models.py:get_backbone:44]
Loading ResNet50 Backbone

INFO 2023-12-30 21:26:02,584 [root:models.py:get_aggregation:87]
Loading GEM Aggregation

INFO 2023-12-30 21:26:02,650 [root:models.py:get_backbone:44]
Loading ResNet50 Backbone

INFO 2023-12-30 21:26:03,067 [root:models.py:get_aggregation:87]
Loading GEM Aggregation

INFO 2023-12-30 21:26:03,194 [root:models.py:get_backbone:44]
Loading ResNet50 Backbone

INFO 2023-12-30 21:26:03,615 [root:models.py:get_aggregation:87]
Loading GEM Aggregation

INFO 2023-12-30 21:26:03,738 [root:models.py:get_backbone:44]
Loading ResNet50 Backbone

INFO 2023-12-30 21:26:04,149 [root:models.py:get_aggregation:87]
Loading GEM Aggregation

INFO 2023-12-30 21:26:04,271 [root:models.py:get_backbone:44]
Loading ResNet50 Backbone

INFO 2023-12-30 21:26:04,691 [root:models.py:get_aggregation:87]
Loading GEM Aggregation

INFO 2023-12-30 21:26:04,822 [root:models.py:get_backbone:44]
Loading ResNet50 Backbone

INFO 2023-12-30 21:26:05,248 [root:models.py:get_aggregation:87]
Loading GEM Aggregation

INFO 2023-12-30 21:26:05,386 [root:models.py:get_backbone:44]
Loading ResNet50 Backbone

INFO 2023-12-30 21:26:05,806 [root:models.py:get_aggregation:87]
Loading GEM Aggregation

INFO 2023-12-30 21:27:03,930 [root:models.py:get_backbone:44]
Loading ResNet50 Backbone

INFO 2023-12-30 21:27:04,361 [root:models.py:get_backbone:26]
Loading ResNet18 Backbone

INFO 2023-12-30 21:27:04,580 [root:models.py:get_backbone:44]
Loading ResNet50 Backbone

INFO 2023-12-30 21:27:05,078 [root:models.py:get_aggregation:77]
Loading MAC Aggregation

INFO 2023-12-30 21:27:05,082 [root:models.py:get_aggregation:82]
Loading SPOC Aggregation

INFO 2023-12-30 21:27:05,086 [root:models.py:get_aggregation:87]
Loading GEM Aggregation

INFO 2023-12-30 21:27:05,089 [root:models.py:get_backbone:44]
Loading ResNet50 Backbone

INFO 2023-12-30 21:27:05,509 [root:models.py:get_aggregation:87]
Loading GEM Aggregation

INFO 2023-12-30 21:27:05,579 [root:models.py:get_backbone:44]
Loading ResNet50 Backbone

INFO 2023-12-30 21:27:05,995 [root:models.py:get_aggregation:87]
Loading GEM Aggregation

INFO 2023-12-30 21:27:06,063 [root:models.py:get_backbone:44]
Loading ResNet50 Backbone

INFO 2023-12-30 21:27:06,480 [root:models.py:get_aggregation:87]
Loading GEM Aggregation

INFO 2023-12-30 21:27:06,547 [root:models.py:get_backbone:44]
Loading ResNet50 Backbone

INFO 2023-12-30 21:27:06,959 [root:models.py:get_aggregation:87]
Loading GEM Aggregation

INFO 2023-12-30 21:27:07,022 [root:models.py:get_backbone:44]
Loading ResNet50 Backbone

INFO 2023-12-30 21:27:07,447 [root:models.py:get_aggregation:87]
Loading GEM Aggregation

INFO 2023-12-30 21:27:07,515 [root:models.py:get_backbone:44]
Loading ResNet50 Backbone

INFO 2023-12-30 21:27:07,936 [root:models.py:get_aggregation:87]
Loading GEM Aggregation

INFO 2023-12-30 21:27:08,005 [root:models.py:get_backbone:44]
Loading ResNet50 Backbone

INFO 2023-12-30 21:27:08,427 [root:models.py:get_aggregation:87]
Loading GEM Aggregation

INFO 2023-12-30 21:27:08,597 [root:models.py:get_backbone:44]
Loading ResNet50 Backbone

INFO 2023-12-30 21:27:09,010 [root:models.py:get_aggregation:87]
Loading GEM Aggregation

INFO 2023-12-30 21:27:09,127 [root:models.py:get_backbone:44]
Loading ResNet50 Backbone

INFO 2023-12-30 21:27:09,553 [root:models.py:get_aggregation:87]
Loading GEM Aggregation

INFO 2023-12-30 21:27:09,684 [root:models.py:get_backbone:44]
Loading ResNet50 Backbone

INFO 2023-12-30 21:27:10,104 [root:models.py:get_aggregation:87]
Loading GEM Aggregation

INFO 2023-12-30 21:27:10,217 [root:models.py:get_backbone:44]
Loading ResNet50 Backbone

INFO 2023-12-30 21:27:10,655 [root:models.py:get_aggregation:87]
Loading GEM Aggregation

INFO 2023-12-30 21:27:10,792 [root:models.py:get_backbone:44]
Loading ResNet50 Backbone

INFO 2023-12-30 21:27:11,220 [root:models.py:get_aggregation:87]
Loading GEM Aggregation

INFO 2023-12-30 21:29:16,973 [root:models.py:get_backbone:44]
Loading ResNet50 Backbone

INFO 2023-12-30 21:29:17,409 [root:models.py:get_backbone:26]
Loading ResNet18 Backbone

INFO 2023-12-30 21:29:17,635 [root:models.py:get_backbone:44]
Loading ResNet50 Backbone

INFO 2023-12-30 21:29:18,139 [root:models.py:get_aggregation:77]
Loading MAC Aggregation

INFO 2023-12-30 21:29:18,142 [root:models.py:get_aggregation:82]
Loading SPOC Aggregation

INFO 2023-12-30 21:29:18,145 [root:models.py:get_aggregation:87]
Loading GEM Aggregation

INFO 2023-12-30 21:29:18,151 [root:models.py:get_backbone:44]
Loading ResNet50 Backbone

INFO 2023-12-30 21:29:18,570 [root:models.py:get_aggregation:87]
Loading GEM Aggregation

INFO 2023-12-30 21:29:18,637 [root:models.py:get_backbone:44]
Loading ResNet50 Backbone

INFO 2023-12-30 21:29:19,050 [root:models.py:get_aggregation:87]
Loading GEM Aggregation

INFO 2023-12-30 21:29:19,118 [root:models.py:get_backbone:44]
Loading ResNet50 Backbone

INFO 2023-12-30 21:29:19,539 [root:models.py:get_aggregation:87]
Loading GEM Aggregation

INFO 2023-12-30 21:29:19,606 [root:models.py:get_backbone:44]
Loading ResNet50 Backbone

INFO 2023-12-30 21:29:20,026 [root:models.py:get_aggregation:87]
Loading GEM Aggregation

INFO 2023-12-30 21:29:20,092 [root:models.py:get_backbone:44]
Loading ResNet50 Backbone

INFO 2023-12-30 21:29:20,508 [root:models.py:get_aggregation:87]
Loading GEM Aggregation

INFO 2023-12-30 21:29:20,576 [root:models.py:get_backbone:44]
Loading ResNet50 Backbone

INFO 2023-12-30 21:29:20,999 [root:models.py:get_aggregation:87]
Loading GEM Aggregation

INFO 2023-12-30 21:29:21,068 [root:models.py:get_backbone:44]
Loading ResNet50 Backbone

INFO 2023-12-30 21:29:21,489 [root:models.py:get_aggregation:87]
Loading GEM Aggregation

INFO 2023-12-30 21:29:21,664 [root:models.py:get_backbone:44]
Loading ResNet50 Backbone

INFO 2023-12-30 21:29:22,076 [root:models.py:get_aggregation:87]
Loading GEM Aggregation

INFO 2023-12-30 21:29:22,181 [root:models.py:get_backbone:44]
Loading ResNet50 Backbone

INFO 2023-12-30 21:29:22,610 [root:models.py:get_aggregation:87]
Loading GEM Aggregation

INFO 2023-12-30 21:29:22,729 [root:models.py:get_backbone:44]
Loading ResNet50 Backbone

INFO 2023-12-30 21:29:23,155 [root:models.py:get_aggregation:87]
Loading GEM Aggregation

INFO 2023-12-30 21:29:23,278 [root:models.py:get_backbone:44]
Loading ResNet50 Backbone

INFO 2023-12-30 21:29:23,689 [root:models.py:get_aggregation:87]
Loading GEM Aggregation

INFO 2023-12-30 21:29:23,790 [root:models.py:get_backbone:44]
Loading ResNet50 Backbone

INFO 2023-12-30 21:29:24,230 [root:models.py:get_aggregation:87]
Loading GEM Aggregation

INFO 2023-12-30 21:30:01,704 [root:models.py:get_backbone:44]
Loading ResNet50 Backbone

INFO 2023-12-30 21:30:02,137 [root:models.py:get_backbone:26]
Loading ResNet18 Backbone

INFO 2023-12-30 21:30:02,364 [root:models.py:get_backbone:44]
Loading ResNet50 Backbone

INFO 2023-12-30 21:30:02,860 [root:models.py:get_aggregation:77]
Loading MAC Aggregation

INFO 2023-12-30 21:30:02,863 [root:models.py:get_aggregation:82]
Loading SPOC Aggregation

INFO 2023-12-30 21:30:02,866 [root:models.py:get_aggregation:87]
Loading GEM Aggregation

INFO 2023-12-30 21:30:02,869 [root:models.py:get_backbone:44]
Loading ResNet50 Backbone

INFO 2023-12-30 21:30:03,287 [root:models.py:get_aggregation:87]
Loading GEM Aggregation

INFO 2023-12-30 21:30:03,353 [root:models.py:get_backbone:44]
Loading ResNet50 Backbone

INFO 2023-12-30 21:30:03,772 [root:models.py:get_aggregation:87]
Loading GEM Aggregation

INFO 2023-12-30 21:30:03,838 [root:models.py:get_backbone:44]
Loading ResNet50 Backbone

INFO 2023-12-30 21:30:04,262 [root:models.py:get_aggregation:87]
Loading GEM Aggregation

INFO 2023-12-30 21:30:04,334 [root:models.py:get_backbone:44]
Loading ResNet50 Backbone

INFO 2023-12-30 21:30:04,755 [root:models.py:get_aggregation:87]
Loading GEM Aggregation

INFO 2023-12-30 21:30:04,825 [root:models.py:get_backbone:44]
Loading ResNet50 Backbone

INFO 2023-12-30 21:30:05,244 [root:models.py:get_aggregation:87]
Loading GEM Aggregation

INFO 2023-12-30 21:30:05,310 [root:models.py:get_backbone:44]
Loading ResNet50 Backbone

INFO 2023-12-30 21:30:05,729 [root:models.py:get_aggregation:87]
Loading GEM Aggregation

INFO 2023-12-30 21:30:05,802 [root:models.py:get_backbone:44]
Loading ResNet50 Backbone

INFO 2023-12-30 21:30:06,220 [root:models.py:get_aggregation:87]
Loading GEM Aggregation

INFO 2023-12-30 21:30:06,352 [root:models.py:get_backbone:44]
Loading ResNet50 Backbone

INFO 2023-12-30 21:30:06,775 [root:models.py:get_aggregation:87]
Loading GEM Aggregation

INFO 2023-12-30 21:30:06,906 [root:models.py:get_backbone:44]
Loading ResNet50 Backbone

INFO 2023-12-30 21:30:07,326 [root:models.py:get_aggregation:87]
Loading GEM Aggregation

INFO 2023-12-30 21:30:07,455 [root:models.py:get_backbone:44]
Loading ResNet50 Backbone

INFO 2023-12-30 21:30:07,875 [root:models.py:get_aggregation:87]
Loading GEM Aggregation

INFO 2023-12-30 21:30:08,014 [root:models.py:get_backbone:44]
Loading ResNet50 Backbone

INFO 2023-12-30 21:30:08,435 [root:models.py:get_aggregation:87]
Loading GEM Aggregation

INFO 2023-12-30 21:30:08,572 [root:models.py:get_backbone:44]
Loading ResNet50 Backbone

INFO 2023-12-30 21:30:08,991 [root:models.py:get_aggregation:87]
Loading GEM Aggregation

INFO 2024-01-04 07:23:22,232 [root:models.py:get_backbone:44]
Loading ResNet50 Backbone

INFO 2024-01-04 07:23:22,717 [root:models.py:get_backbone:26]
Loading ResNet18 Backbone

INFO 2024-01-04 07:23:22,966 [root:models.py:get_backbone:44]
Loading ResNet50 Backbone

INFO 2024-01-04 07:23:23,439 [root:models.py:get_aggregation:77]
Loading MAC Aggregation

INFO 2024-01-04 07:23:23,442 [root:models.py:get_aggregation:82]
Loading SPOC Aggregation

INFO 2024-01-04 07:23:23,446 [root:models.py:get_aggregation:87]
Loading GEM Aggregation

INFO 2024-01-04 07:23:23,449 [root:models.py:get_backbone:44]
Loading ResNet50 Backbone

INFO 2024-01-04 07:23:23,866 [root:models.py:get_aggregation:87]
Loading GEM Aggregation

INFO 2024-01-04 07:23:23,930 [root:models.py:get_backbone:44]
Loading ResNet50 Backbone

INFO 2024-01-04 07:23:24,349 [root:models.py:get_aggregation:87]
Loading GEM Aggregation

INFO 2024-01-04 07:23:24,414 [root:models.py:get_backbone:44]
Loading ResNet50 Backbone

INFO 2024-01-04 07:23:24,832 [root:models.py:get_aggregation:87]
Loading GEM Aggregation

INFO 2024-01-04 07:23:24,894 [root:models.py:get_backbone:44]
Loading ResNet50 Backbone

INFO 2024-01-04 07:23:25,318 [root:models.py:get_aggregation:87]
Loading GEM Aggregation

INFO 2024-01-04 07:23:25,383 [root:models.py:get_backbone:44]
Loading ResNet50 Backbone

INFO 2024-01-04 07:23:25,809 [root:models.py:get_aggregation:87]
Loading GEM Aggregation

INFO 2024-01-04 07:23:25,876 [root:models.py:get_backbone:44]
Loading ResNet50 Backbone

INFO 2024-01-04 07:23:26,299 [root:models.py:get_aggregation:87]
Loading GEM Aggregation

INFO 2024-01-04 07:23:26,370 [root:models.py:get_backbone:44]
Loading ResNet50 Backbone

INFO 2024-01-04 07:23:26,793 [root:models.py:get_aggregation:87]
Loading GEM Aggregation

INFO 2024-01-04 07:23:26,912 [root:models.py:get_backbone:44]
Loading ResNet50 Backbone

INFO 2024-01-04 07:23:27,338 [root:models.py:get_aggregation:87]
Loading GEM Aggregation

INFO 2024-01-04 07:23:27,467 [root:models.py:get_backbone:44]
Loading ResNet50 Backbone

INFO 2024-01-04 07:23:27,900 [root:models.py:get_aggregation:87]
Loading GEM Aggregation

INFO 2024-01-04 07:23:28,034 [root:models.py:get_backbone:44]
Loading ResNet50 Backbone

INFO 2024-01-04 07:23:28,463 [root:models.py:get_aggregation:87]
Loading GEM Aggregation

INFO 2024-01-04 07:23:28,607 [root:models.py:get_backbone:44]
Loading ResNet50 Backbone

INFO 2024-01-04 07:23:29,049 [root:models.py:get_aggregation:87]
Loading GEM Aggregation

INFO 2024-01-04 07:23:29,181 [root:models.py:get_backbone:44]
Loading ResNet50 Backbone

INFO 2024-01-04 07:23:29,607 [root:models.py:get_aggregation:87]
Loading GEM Aggregation

INFO 2024-01-04 08:26:12,734 [root:train.py:__init__:60]
Feature Dim Is: 1024

ERROR 2024-01-04 08:26:12,737 [root:predict.py:__init__:52]
Not Loading A Pretrained FaceID Model

INFO 2024-01-04 08:26:12,738 [root:predict.py:load_id_database:97]
Loaded 3 identifications

INFO 2024-01-04 08:26:12,875 [werkzeug:_internal.py:_log:96]
[31m[1mWARNING: This is a development server. Do not use it in a production deployment. Use a production WSGI server instead.[0m
 * Running on http://127.0.0.1:5000

INFO 2024-01-04 08:26:12,877 [werkzeug:_internal.py:_log:96]
[33mPress CTRL+C to quit[0m

INFO 2024-01-04 08:26:12,878 [werkzeug:_internal.py:_log:96]
 * Restarting with stat

INFO 2024-01-04 08:26:15,261 [root:train.py:__init__:60]
Feature Dim Is: 1024

ERROR 2024-01-04 08:26:15,264 [root:predict.py:__init__:52]
Not Loading A Pretrained FaceID Model

INFO 2024-01-04 08:26:15,265 [root:predict.py:load_id_database:97]
Loaded 3 identifications

WARNING 2024-01-04 08:26:15,401 [werkzeug:_internal.py:_log:96]
 * Debugger is active!

INFO 2024-01-04 08:26:15,402 [werkzeug:_internal.py:_log:96]
 * Debugger PIN: 850-142-349

INFO 2024-01-04 08:27:32,942 [root:train.py:__init__:60]
Feature Dim Is: 1024

ERROR 2024-01-04 08:27:32,946 [root:predict.py:__init__:52]
Not Loading A Pretrained FaceID Model

INFO 2024-01-04 08:27:32,947 [root:predict.py:load_id_database:97]
Loaded 3 identifications

INFO 2024-01-04 08:27:33,091 [werkzeug:_internal.py:_log:96]
[31m[1mWARNING: This is a development server. Do not use it in a production deployment. Use a production WSGI server instead.[0m
 * Running on http://127.0.0.1:5000

INFO 2024-01-04 08:27:33,093 [werkzeug:_internal.py:_log:96]
[33mPress CTRL+C to quit[0m

INFO 2024-01-04 08:27:33,094 [werkzeug:_internal.py:_log:96]
 * Restarting with stat

INFO 2024-01-04 08:27:35,511 [root:train.py:__init__:60]
Feature Dim Is: 1024

ERROR 2024-01-04 08:27:35,514 [root:predict.py:__init__:52]
Not Loading A Pretrained FaceID Model

INFO 2024-01-04 08:27:35,515 [root:predict.py:load_id_database:97]
Loaded 3 identifications

WARNING 2024-01-04 08:27:35,652 [werkzeug:_internal.py:_log:96]
 * Debugger is active!

INFO 2024-01-04 08:27:35,653 [werkzeug:_internal.py:_log:96]
 * Debugger PIN: 850-142-349

INFO 2024-01-04 08:28:51,250 [werkzeug:_internal.py:_log:96]
127.0.0.1 - - [04/Jan/2024 08:28:51] "GET / HTTP/1.1" 200 -

INFO 2024-01-04 08:28:51,351 [werkzeug:_internal.py:_log:96]
127.0.0.1 - - [04/Jan/2024 08:28:51] "GET /static/people/person4.jpg HTTP/1.1" 200 -

INFO 2024-01-04 08:28:51,352 [werkzeug:_internal.py:_log:96]
127.0.0.1 - - [04/Jan/2024 08:28:51] "GET /static/people/person3.jpg HTTP/1.1" 200 -

INFO 2024-01-04 08:28:51,354 [werkzeug:_internal.py:_log:96]
127.0.0.1 - - [04/Jan/2024 08:28:51] "GET /static/people/person2.jpg HTTP/1.1" 200 -

INFO 2024-01-04 08:28:51,389 [werkzeug:_internal.py:_log:96]
127.0.0.1 - - [04/Jan/2024 08:28:51] "[33mGET /favicon.ico HTTP/1.1[0m" 404 -

INFO 2024-01-04 08:29:05,117 [werkzeug:_internal.py:_log:96]
127.0.0.1 - - [04/Jan/2024 08:29:05] "GET / HTTP/1.1" 200 -

INFO 2024-01-04 08:29:05,148 [werkzeug:_internal.py:_log:96]
127.0.0.1 - - [04/Jan/2024 08:29:05] "[36mGET /static/people/person3.jpg HTTP/1.1[0m" 304 -

INFO 2024-01-04 08:29:05,149 [werkzeug:_internal.py:_log:96]
127.0.0.1 - - [04/Jan/2024 08:29:05] "[36mGET /static/people/person2.jpg HTTP/1.1[0m" 304 -

INFO 2024-01-04 08:29:05,150 [werkzeug:_internal.py:_log:96]
127.0.0.1 - - [04/Jan/2024 08:29:05] "[36mGET /static/people/person4.jpg HTTP/1.1[0m" 304 -

INFO 2024-01-04 09:57:52,533 [root:models.py:get_backbone:44]
Loading ResNet50 Backbone

INFO 2024-01-04 09:57:52,855 [root:models.py:get_backbone:26]
Loading ResNet18 Backbone

INFO 2024-01-04 09:57:53,020 [root:models.py:get_backbone:44]
Loading ResNet50 Backbone

INFO 2024-01-04 09:57:53,357 [root:models.py:get_aggregation:77]
Loading MAC Aggregation

INFO 2024-01-04 09:57:53,360 [root:models.py:get_aggregation:82]
Loading SPOC Aggregation

INFO 2024-01-04 09:57:53,363 [root:models.py:get_aggregation:87]
Loading GEM Aggregation

INFO 2024-01-04 09:57:53,367 [root:models.py:get_backbone:44]
Loading ResNet50 Backbone

INFO 2024-01-04 09:57:53,652 [root:models.py:get_aggregation:87]
Loading GEM Aggregation

INFO 2024-01-04 09:57:53,731 [root:models.py:get_backbone:44]
Loading ResNet50 Backbone

INFO 2024-01-04 09:57:54,016 [root:models.py:get_aggregation:87]
Loading GEM Aggregation

INFO 2024-01-04 09:57:54,077 [root:models.py:get_backbone:44]
Loading ResNet50 Backbone

INFO 2024-01-04 09:57:54,323 [root:models.py:get_aggregation:87]
Loading GEM Aggregation

INFO 2024-01-04 09:57:54,379 [root:models.py:get_backbone:44]
Loading ResNet50 Backbone

INFO 2024-01-04 09:57:54,619 [root:models.py:get_aggregation:87]
Loading GEM Aggregation

INFO 2024-01-04 09:57:54,673 [root:models.py:get_backbone:44]
Loading ResNet50 Backbone

INFO 2024-01-04 09:57:54,919 [root:models.py:get_aggregation:87]
Loading GEM Aggregation

INFO 2024-01-04 09:57:54,981 [root:models.py:get_backbone:44]
Loading ResNet50 Backbone

INFO 2024-01-04 09:57:55,220 [root:models.py:get_aggregation:87]
Loading GEM Aggregation

INFO 2024-01-04 09:57:55,284 [root:models.py:get_backbone:44]
Loading ResNet50 Backbone

INFO 2024-01-04 09:57:55,529 [root:models.py:get_aggregation:87]
Loading GEM Aggregation

INFO 2024-01-04 09:57:55,640 [root:models.py:get_backbone:44]
Loading ResNet50 Backbone

INFO 2024-01-04 09:57:55,921 [root:models.py:get_aggregation:87]
Loading GEM Aggregation

INFO 2024-01-04 09:57:56,035 [root:models.py:get_backbone:44]
Loading ResNet50 Backbone

INFO 2024-01-04 09:57:56,318 [root:models.py:get_aggregation:87]
Loading GEM Aggregation

INFO 2024-01-04 09:57:56,430 [root:models.py:get_backbone:44]
Loading ResNet50 Backbone

INFO 2024-01-04 09:57:56,711 [root:models.py:get_aggregation:87]
Loading GEM Aggregation

INFO 2024-01-04 09:57:56,822 [root:models.py:get_backbone:44]
Loading ResNet50 Backbone

INFO 2024-01-04 09:57:57,109 [root:models.py:get_aggregation:87]
Loading GEM Aggregation

INFO 2024-01-04 09:57:57,222 [root:models.py:get_backbone:44]
Loading ResNet50 Backbone

INFO 2024-01-04 09:57:57,508 [root:models.py:get_aggregation:87]
Loading GEM Aggregation

INFO 2024-01-04 09:58:13,037 [root:models.py:get_backbone:44]
Loading ResNet50 Backbone

INFO 2024-01-04 09:58:13,361 [root:models.py:get_backbone:26]
Loading ResNet18 Backbone

INFO 2024-01-04 09:58:13,505 [root:models.py:get_backbone:44]
Loading ResNet50 Backbone

INFO 2024-01-04 09:58:13,828 [root:models.py:get_aggregation:77]
Loading MAC Aggregation

INFO 2024-01-04 09:58:13,831 [root:models.py:get_aggregation:82]
Loading SPOC Aggregation

INFO 2024-01-04 09:58:13,833 [root:models.py:get_aggregation:87]
Loading GEM Aggregation

INFO 2024-01-04 09:58:13,836 [root:models.py:get_backbone:44]
Loading ResNet50 Backbone

INFO 2024-01-04 09:58:14,073 [root:models.py:get_aggregation:87]
Loading GEM Aggregation

INFO 2024-01-04 09:58:14,129 [root:models.py:get_backbone:44]
Loading ResNet50 Backbone

INFO 2024-01-04 09:58:14,367 [root:models.py:get_aggregation:87]
Loading GEM Aggregation

INFO 2024-01-04 09:58:14,434 [root:models.py:get_backbone:44]
Loading ResNet50 Backbone

INFO 2024-01-04 09:58:14,676 [root:models.py:get_aggregation:87]
Loading GEM Aggregation

INFO 2024-01-04 09:58:14,729 [root:models.py:get_backbone:44]
Loading ResNet50 Backbone

INFO 2024-01-04 09:58:14,956 [root:models.py:get_aggregation:87]
Loading GEM Aggregation

INFO 2024-01-04 09:58:15,006 [root:models.py:get_backbone:44]
Loading ResNet50 Backbone

INFO 2024-01-04 09:58:15,229 [root:models.py:get_aggregation:87]
Loading GEM Aggregation

INFO 2024-01-04 09:58:15,277 [root:models.py:get_backbone:44]
Loading ResNet50 Backbone

INFO 2024-01-04 09:58:15,511 [root:models.py:get_aggregation:87]
Loading GEM Aggregation

INFO 2024-01-04 09:58:15,574 [root:models.py:get_backbone:44]
Loading ResNet50 Backbone

INFO 2024-01-04 09:58:15,852 [root:models.py:get_aggregation:87]
Loading GEM Aggregation

INFO 2024-01-04 09:58:15,950 [root:models.py:get_backbone:44]
Loading ResNet50 Backbone

INFO 2024-01-04 09:58:16,228 [root:models.py:get_aggregation:87]
Loading GEM Aggregation

INFO 2024-01-04 09:58:16,328 [root:models.py:get_backbone:44]
Loading ResNet50 Backbone

INFO 2024-01-04 09:58:16,609 [root:models.py:get_aggregation:87]
Loading GEM Aggregation

INFO 2024-01-04 09:58:16,711 [root:models.py:get_backbone:44]
Loading ResNet50 Backbone

INFO 2024-01-04 09:58:16,991 [root:models.py:get_aggregation:87]
Loading GEM Aggregation

INFO 2024-01-04 09:58:17,091 [root:models.py:get_backbone:44]
Loading ResNet50 Backbone

INFO 2024-01-04 09:58:17,370 [root:models.py:get_aggregation:87]
Loading GEM Aggregation

INFO 2024-01-04 09:58:17,470 [root:models.py:get_backbone:44]
Loading ResNet50 Backbone

INFO 2024-01-04 09:58:17,749 [root:models.py:get_aggregation:87]
Loading GEM Aggregation

INFO 2024-01-04 10:02:38,291 [root:models.py:get_backbone:44]
Loading ResNet50 Backbone

INFO 2024-01-04 10:02:38,618 [root:models.py:get_backbone:26]
Loading ResNet18 Backbone

INFO 2024-01-04 10:02:38,754 [root:models.py:get_backbone:44]
Loading ResNet50 Backbone

INFO 2024-01-04 10:02:39,073 [root:models.py:get_aggregation:77]
Loading MAC Aggregation

INFO 2024-01-04 10:02:39,076 [root:models.py:get_aggregation:82]
Loading SPOC Aggregation

INFO 2024-01-04 10:02:39,078 [root:models.py:get_aggregation:87]
Loading GEM Aggregation

INFO 2024-01-04 10:02:39,081 [root:models.py:get_backbone:44]
Loading ResNet50 Backbone

INFO 2024-01-04 10:02:39,354 [root:models.py:get_aggregation:87]
Loading GEM Aggregation

INFO 2024-01-04 10:02:39,410 [root:models.py:get_backbone:44]
Loading ResNet50 Backbone

INFO 2024-01-04 10:02:39,640 [root:models.py:get_aggregation:87]
Loading GEM Aggregation

INFO 2024-01-04 10:02:39,700 [root:models.py:get_backbone:44]
Loading ResNet50 Backbone

INFO 2024-01-04 10:02:39,928 [root:models.py:get_aggregation:87]
Loading GEM Aggregation

INFO 2024-01-04 10:02:39,985 [root:models.py:get_backbone:44]
Loading ResNet50 Backbone

INFO 2024-01-04 10:02:40,230 [root:models.py:get_aggregation:87]
Loading GEM Aggregation

INFO 2024-01-04 10:02:40,299 [root:models.py:get_backbone:44]
Loading ResNet50 Backbone

INFO 2024-01-04 10:02:40,552 [root:models.py:get_aggregation:87]
Loading GEM Aggregation

INFO 2024-01-04 10:02:40,609 [root:models.py:get_backbone:44]
Loading ResNet50 Backbone

INFO 2024-01-04 10:02:40,838 [root:models.py:get_aggregation:87]
Loading GEM Aggregation

INFO 2024-01-04 10:02:40,889 [root:models.py:get_backbone:44]
Loading ResNet50 Backbone

INFO 2024-01-04 10:02:41,125 [root:models.py:get_aggregation:87]
Loading GEM Aggregation

INFO 2024-01-04 10:02:41,220 [root:models.py:get_backbone:44]
Loading ResNet50 Backbone

INFO 2024-01-04 10:02:41,461 [root:models.py:get_aggregation:87]
Loading GEM Aggregation

INFO 2024-01-04 10:02:41,557 [root:models.py:get_backbone:44]
Loading ResNet50 Backbone

INFO 2024-01-04 10:02:41,815 [root:models.py:get_aggregation:87]
Loading GEM Aggregation

INFO 2024-01-04 10:02:41,902 [root:models.py:get_backbone:44]
Loading ResNet50 Backbone

INFO 2024-01-04 10:02:42,124 [root:models.py:get_aggregation:87]
Loading GEM Aggregation

INFO 2024-01-04 10:02:42,219 [root:models.py:get_backbone:44]
Loading ResNet50 Backbone

INFO 2024-01-04 10:02:42,460 [root:models.py:get_aggregation:87]
Loading GEM Aggregation

INFO 2024-01-04 10:02:42,555 [root:models.py:get_backbone:44]
Loading ResNet50 Backbone

INFO 2024-01-04 10:02:42,811 [root:models.py:get_aggregation:87]
Loading GEM Aggregation

INFO 2024-01-04 10:04:36,676 [root:models.py:get_backbone:44]
Loading ResNet50 Backbone

INFO 2024-01-04 10:04:37,000 [root:models.py:get_backbone:26]
Loading ResNet18 Backbone

INFO 2024-01-04 10:04:37,130 [root:models.py:get_backbone:44]
Loading ResNet50 Backbone

INFO 2024-01-04 10:04:37,468 [root:models.py:get_aggregation:77]
Loading MAC Aggregation

INFO 2024-01-04 10:04:37,472 [root:models.py:get_aggregation:82]
Loading SPOC Aggregation

INFO 2024-01-04 10:04:37,475 [root:models.py:get_aggregation:87]
Loading GEM Aggregation

INFO 2024-01-04 10:04:37,479 [root:models.py:get_backbone:44]
Loading ResNet50 Backbone

INFO 2024-01-04 10:04:37,754 [root:models.py:get_aggregation:87]
Loading GEM Aggregation

INFO 2024-01-04 10:04:37,816 [root:models.py:get_backbone:44]
Loading ResNet50 Backbone

INFO 2024-01-04 10:04:38,058 [root:models.py:get_aggregation:87]
Loading GEM Aggregation

INFO 2024-01-04 10:04:38,114 [root:models.py:get_backbone:44]
Loading ResNet50 Backbone

INFO 2024-01-04 10:04:38,347 [root:models.py:get_aggregation:87]
Loading GEM Aggregation

INFO 2024-01-04 10:04:38,399 [root:models.py:get_backbone:44]
Loading ResNet50 Backbone

INFO 2024-01-04 10:04:38,623 [root:models.py:get_aggregation:87]
Loading GEM Aggregation

INFO 2024-01-04 10:04:38,670 [root:models.py:get_backbone:44]
Loading ResNet50 Backbone

INFO 2024-01-04 10:04:38,890 [root:models.py:get_aggregation:87]
Loading GEM Aggregation

INFO 2024-01-04 10:04:38,940 [root:models.py:get_backbone:44]
Loading ResNet50 Backbone

INFO 2024-01-04 10:04:39,169 [root:models.py:get_aggregation:87]
Loading GEM Aggregation

INFO 2024-01-04 10:04:39,221 [root:models.py:get_backbone:44]
Loading ResNet50 Backbone

INFO 2024-01-04 10:04:39,456 [root:models.py:get_aggregation:87]
Loading GEM Aggregation

INFO 2024-01-04 10:04:39,546 [root:models.py:get_backbone:44]
Loading ResNet50 Backbone

INFO 2024-01-04 10:04:39,775 [root:models.py:get_aggregation:87]
Loading GEM Aggregation

INFO 2024-01-04 10:04:39,856 [root:models.py:get_backbone:44]
Loading ResNet50 Backbone

INFO 2024-01-04 10:04:40,077 [root:models.py:get_aggregation:87]
Loading GEM Aggregation

INFO 2024-01-04 10:04:40,159 [root:models.py:get_backbone:44]
Loading ResNet50 Backbone

INFO 2024-01-04 10:04:40,380 [root:models.py:get_aggregation:87]
Loading GEM Aggregation

INFO 2024-01-04 10:04:40,461 [root:models.py:get_backbone:44]
Loading ResNet50 Backbone

INFO 2024-01-04 10:04:40,682 [root:models.py:get_aggregation:87]
Loading GEM Aggregation

INFO 2024-01-04 10:04:40,820 [root:models.py:get_backbone:44]
Loading ResNet50 Backbone

INFO 2024-01-04 10:04:41,103 [root:models.py:get_aggregation:87]
Loading GEM Aggregation
