
INFO 2024-01-05 09:00:08,530 [root:models.py:get_backbone:44]
Loading ResNet50 Backbone

INFO 2024-01-05 09:00:08,944 [root:models.py:get_backbone:26]
Loading ResNet18 Backbone

INFO 2024-01-05 09:00:09,112 [root:models.py:get_backbone:44]
Loading ResNet50 Backbone

INFO 2024-01-05 09:00:09,437 [root:models.py:get_aggregation:77]
Loading MAC Aggregation

INFO 2024-01-05 09:00:09,440 [root:models.py:get_aggregation:82]
Loading SPOC Aggregation

INFO 2024-01-05 09:00:09,443 [root:models.py:get_aggregation:87]
Loading GEM Aggregation

INFO 2024-01-05 09:00:09,446 [root:models.py:get_backbone:44]
Loading ResNet50 Backbone

INFO 2024-01-05 09:00:09,721 [root:models.py:get_aggregation:87]
Loading GEM Aggregation

INFO 2024-01-05 09:00:09,806 [root:models.py:get_backbone:44]
Loading ResNet50 Backbone

INFO 2024-01-05 09:00:10,096 [root:models.py:get_aggregation:87]
Loading GEM Aggregation

INFO 2024-01-05 09:00:10,161 [root:models.py:get_backbone:44]
Loading ResNet50 Backbone

INFO 2024-01-05 09:00:10,407 [root:models.py:get_aggregation:87]
Loading GEM Aggregation

INFO 2024-01-05 09:00:10,474 [root:models.py:get_backbone:44]
Loading ResNet50 Backbone

INFO 2024-01-05 09:00:10,727 [root:models.py:get_aggregation:87]
Loading GEM Aggregation

INFO 2024-01-05 09:00:10,790 [root:models.py:get_backbone:44]
Loading ResNet50 Backbone

INFO 2024-01-05 09:00:11,035 [root:models.py:get_aggregation:87]
Loading GEM Aggregation

INFO 2024-01-05 09:00:11,094 [root:models.py:get_backbone:44]
Loading ResNet50 Backbone

INFO 2024-01-05 09:00:11,339 [root:models.py:get_aggregation:87]
Loading GEM Aggregation

INFO 2024-01-05 09:00:11,411 [root:models.py:get_backbone:44]
Loading ResNet50 Backbone

INFO 2024-01-05 09:00:11,692 [root:models.py:get_aggregation:87]
Loading GEM Aggregation

INFO 2024-01-05 09:00:11,802 [root:models.py:get_backbone:44]
Loading ResNet50 Backbone

INFO 2024-01-05 09:00:12,053 [root:models.py:get_aggregation:87]
Loading GEM Aggregation

INFO 2024-01-05 09:00:12,159 [root:models.py:get_backbone:44]
Loading ResNet50 Backbone

INFO 2024-01-05 09:00:12,398 [root:models.py:get_aggregation:87]
Loading GEM Aggregation

INFO 2024-01-05 09:00:12,521 [root:models.py:get_backbone:44]
Loading ResNet50 Backbone

INFO 2024-01-05 09:00:12,895 [root:models.py:get_aggregation:87]
Loading GEM Aggregation

INFO 2024-01-05 09:00:13,007 [root:models.py:get_backbone:44]
Loading ResNet50 Backbone

INFO 2024-01-05 09:00:13,286 [root:models.py:get_aggregation:87]
Loading GEM Aggregation

INFO 2024-01-05 09:00:13,388 [root:models.py:get_backbone:44]
Loading ResNet50 Backbone

INFO 2024-01-05 09:00:13,623 [root:models.py:get_aggregation:87]
Loading GEM Aggregation

INFO 2024-01-05 09:03:53,146 [root:models.py:get_backbone:46]
Loading ResNet50 Backbone

INFO 2024-01-05 09:03:53,750 [root:models.py:get_aggregation:89]
Loading GEM Aggregation

INFO 2024-01-05 09:03:53,906 [root:train.py:__init__:70]
Feature Dim Is: 2048

ERROR 2024-01-05 09:03:53,907 [root:predict.py:__init__:52]
Not Loading A Pretrained FaceID Model

INFO 2024-01-05 09:03:53,908 [root:predict.py:load_id_database:97]
Loaded 0 identifications

INFO 2024-01-05 09:05:01,344 [root:models.py:get_backbone:46]
Loading ResNet50 Backbone

INFO 2024-01-05 09:05:01,895 [root:models.py:get_aggregation:89]
Loading GEM Aggregation

INFO 2024-01-05 09:05:02,048 [root:train.py:__init__:70]
Feature Dim Is: 2048

ERROR 2024-01-05 09:05:02,049 [root:predict.py:__init__:52]
Not Loading A Pretrained FaceID Model

INFO 2024-01-05 09:05:02,050 [root:predict.py:load_id_database:97]
Loaded 0 identifications

INFO 2024-01-05 09:05:24,594 [root:models.py:get_backbone:46]
Loading ResNet50 Backbone

INFO 2024-01-05 09:05:25,148 [root:models.py:get_aggregation:89]
Loading GEM Aggregation

INFO 2024-01-05 09:05:25,303 [root:train.py:__init__:70]
Feature Dim Is: 2048

ERROR 2024-01-05 09:05:25,304 [root:predict.py:__init__:52]
Not Loading A Pretrained FaceID Model

INFO 2024-01-05 09:05:25,305 [root:predict.py:load_id_database:98]
Loaded 0 identifications

INFO 2024-01-05 09:05:52,424 [root:models.py:get_backbone:46]
Loading ResNet50 Backbone

INFO 2024-01-05 09:05:52,979 [root:models.py:get_aggregation:89]
Loading GEM Aggregation

INFO 2024-01-05 09:05:53,134 [root:train.py:__init__:70]
Feature Dim Is: 2048

ERROR 2024-01-05 09:05:53,135 [root:predict.py:__init__:52]
Not Loading A Pretrained FaceID Model

INFO 2024-01-05 09:05:53,136 [root:predict.py:load_id_database:99]
Loaded 0 identifications

INFO 2024-01-05 09:06:16,147 [root:models.py:get_backbone:46]
Loading ResNet50 Backbone

INFO 2024-01-05 09:06:16,714 [root:models.py:get_aggregation:89]
Loading GEM Aggregation

INFO 2024-01-05 09:06:16,866 [root:train.py:__init__:70]
Feature Dim Is: 2048

ERROR 2024-01-05 09:06:16,868 [root:predict.py:__init__:52]
Not Loading A Pretrained FaceID Model

INFO 2024-01-05 09:06:16,869 [root:predict.py:load_id_database:100]
Loaded 0 identifications

INFO 2024-01-05 09:06:37,084 [root:models.py:get_backbone:46]
Loading ResNet50 Backbone

INFO 2024-01-05 09:06:37,645 [root:models.py:get_aggregation:89]
Loading GEM Aggregation

INFO 2024-01-05 09:06:37,803 [root:train.py:__init__:70]
Feature Dim Is: 2048

ERROR 2024-01-05 09:06:37,804 [root:predict.py:__init__:52]
Not Loading A Pretrained FaceID Model

INFO 2024-01-05 09:06:37,805 [root:predict.py:load_id_database:98]
Loaded 3 identifications

INFO 2024-01-05 09:06:37,956 [werkzeug:_internal.py:_log:96]
[31m[1mWARNING: This is a development server. Do not use it in a production deployment. Use a production WSGI server instead.[0m
 * Running on http://127.0.0.1:5000

INFO 2024-01-05 09:06:37,957 [werkzeug:_internal.py:_log:96]
[33mPress CTRL+C to quit[0m

INFO 2024-01-05 09:06:37,958 [werkzeug:_internal.py:_log:96]
 * Restarting with stat

INFO 2024-01-05 09:06:40,255 [root:models.py:get_backbone:46]
Loading ResNet50 Backbone

INFO 2024-01-05 09:06:40,793 [root:models.py:get_aggregation:89]
Loading GEM Aggregation

INFO 2024-01-05 09:06:40,951 [root:train.py:__init__:70]
Feature Dim Is: 2048

ERROR 2024-01-05 09:06:40,952 [root:predict.py:__init__:52]
Not Loading A Pretrained FaceID Model

INFO 2024-01-05 09:06:40,953 [root:predict.py:load_id_database:98]
Loaded 3 identifications

WARNING 2024-01-05 09:06:41,100 [werkzeug:_internal.py:_log:96]
 * Debugger is active!

INFO 2024-01-05 09:06:41,101 [werkzeug:_internal.py:_log:96]
 * Debugger PIN: 135-347-301

INFO 2024-01-05 09:07:00,507 [werkzeug:_internal.py:_log:96]
127.0.0.1 - - [05/Jan/2024 09:07:00] "[35m[1mGET / HTTP/1.1[0m" 500 -

INFO 2024-01-05 09:07:00,541 [werkzeug:_internal.py:_log:96]
127.0.0.1 - - [05/Jan/2024 09:07:00] "GET /?__debugger__=yes&cmd=resource&f=style.css HTTP/1.1" 200 -

INFO 2024-01-05 09:07:00,542 [werkzeug:_internal.py:_log:96]
127.0.0.1 - - [05/Jan/2024 09:07:00] "GET /?__debugger__=yes&cmd=resource&f=debugger.js HTTP/1.1" 200 -

INFO 2024-01-05 09:07:00,554 [werkzeug:_internal.py:_log:96]
127.0.0.1 - - [05/Jan/2024 09:07:00] "GET /?__debugger__=yes&cmd=resource&f=console.png HTTP/1.1" 200 -

INFO 2024-01-05 09:07:00,556 [werkzeug:_internal.py:_log:96]
127.0.0.1 - - [05/Jan/2024 09:07:00] "[36mGET /?__debugger__=yes&cmd=resource&f=console.png HTTP/1.1[0m" 304 -

INFO 2024-01-05 09:07:13,214 [werkzeug:_internal.py:_log:96]
 * Detected change in '/home/oliver/Documents/github/DoorCam/doorcam/predict.py', reloading

INFO 2024-01-05 09:07:13,935 [werkzeug:_internal.py:_log:96]
 * Restarting with stat

INFO 2024-01-05 09:07:16,315 [root:models.py:get_backbone:46]
Loading ResNet50 Backbone

INFO 2024-01-05 09:07:16,875 [root:models.py:get_aggregation:89]
Loading GEM Aggregation

INFO 2024-01-05 09:07:17,028 [root:train.py:__init__:70]
Feature Dim Is: 2048

ERROR 2024-01-05 09:07:17,029 [root:predict.py:__init__:52]
Not Loading A Pretrained FaceID Model

INFO 2024-01-05 09:07:17,030 [root:predict.py:load_id_database:98]
Loaded 3 identifications

WARNING 2024-01-05 09:07:17,172 [werkzeug:_internal.py:_log:96]
 * Debugger is active!

INFO 2024-01-05 09:07:17,173 [werkzeug:_internal.py:_log:96]
 * Debugger PIN: 135-347-301

INFO 2024-01-05 09:07:24,479 [werkzeug:_internal.py:_log:96]
 * Detected change in '/home/oliver/Documents/github/DoorCam/doorcam/predict.py', reloading

INFO 2024-01-05 09:07:25,180 [werkzeug:_internal.py:_log:96]
 * Restarting with stat

INFO 2024-01-05 09:07:27,561 [root:models.py:get_backbone:46]
Loading ResNet50 Backbone

INFO 2024-01-05 09:07:28,104 [root:models.py:get_aggregation:89]
Loading GEM Aggregation

INFO 2024-01-05 09:07:28,263 [root:train.py:__init__:70]
Feature Dim Is: 2048

ERROR 2024-01-05 09:07:28,264 [root:predict.py:__init__:52]
Not Loading A Pretrained FaceID Model

INFO 2024-01-05 09:07:28,265 [root:predict.py:load_id_database:98]
Loaded 3 identifications

WARNING 2024-01-05 09:07:28,412 [werkzeug:_internal.py:_log:96]
 * Debugger is active!

INFO 2024-01-05 09:07:28,413 [werkzeug:_internal.py:_log:96]
 * Debugger PIN: 135-347-301

INFO 2024-01-05 09:07:58,443 [werkzeug:_internal.py:_log:96]
 * Detected change in '/home/oliver/Documents/github/DoorCam/doorcam/predict.py', reloading

INFO 2024-01-05 09:07:59,115 [werkzeug:_internal.py:_log:96]
 * Restarting with stat

INFO 2024-01-05 09:08:01,412 [root:models.py:get_backbone:46]
Loading ResNet50 Backbone

INFO 2024-01-05 09:08:01,966 [root:models.py:get_aggregation:89]
Loading GEM Aggregation

INFO 2024-01-05 09:08:02,124 [root:train.py:__init__:70]
Feature Dim Is: 2048

ERROR 2024-01-05 09:08:02,125 [root:predict.py:__init__:52]
Not Loading A Pretrained FaceID Model

INFO 2024-01-05 09:08:02,126 [root:predict.py:load_id_database:98]
Loaded 3 identifications

WARNING 2024-01-05 09:08:02,272 [werkzeug:_internal.py:_log:96]
 * Debugger is active!

INFO 2024-01-05 09:08:02,273 [werkzeug:_internal.py:_log:96]
 * Debugger PIN: 135-347-301

INFO 2024-01-05 09:08:03,358 [werkzeug:_internal.py:_log:96]
 * Detected change in '/home/oliver/Documents/github/DoorCam/doorcam/predict.py', reloading

INFO 2024-01-05 09:08:04,039 [werkzeug:_internal.py:_log:96]
 * Restarting with stat

INFO 2024-01-05 09:08:06,376 [root:models.py:get_backbone:46]
Loading ResNet50 Backbone

INFO 2024-01-05 09:08:06,952 [root:models.py:get_aggregation:89]
Loading GEM Aggregation

INFO 2024-01-05 09:08:07,108 [root:train.py:__init__:70]
Feature Dim Is: 2048

ERROR 2024-01-05 09:08:07,109 [root:predict.py:__init__:52]
Not Loading A Pretrained FaceID Model

INFO 2024-01-05 09:08:07,110 [root:predict.py:load_id_database:98]
Loaded 3 identifications

WARNING 2024-01-05 09:08:07,257 [werkzeug:_internal.py:_log:96]
 * Debugger is active!

INFO 2024-01-05 09:08:07,258 [werkzeug:_internal.py:_log:96]
 * Debugger PIN: 135-347-301

INFO 2024-01-05 09:09:33,231 [werkzeug:_internal.py:_log:96]
 * Detected change in '/home/oliver/Documents/github/DoorCam/doorcam/predict.py', reloading

INFO 2024-01-05 09:09:33,960 [werkzeug:_internal.py:_log:96]
 * Restarting with stat

INFO 2024-01-05 09:09:36,353 [root:models.py:get_backbone:46]
Loading ResNet50 Backbone

INFO 2024-01-05 09:09:36,957 [root:models.py:get_aggregation:89]
Loading GEM Aggregation

INFO 2024-01-05 09:09:37,118 [root:train.py:__init__:70]
Feature Dim Is: 2048

ERROR 2024-01-05 09:09:37,119 [root:predict.py:__init__:52]
Not Loading A Pretrained FaceID Model

INFO 2024-01-05 09:09:37,120 [root:predict.py:load_id_database:98]
Loaded 3 identifications

WARNING 2024-01-05 09:09:37,264 [werkzeug:_internal.py:_log:96]
 * Debugger is active!

INFO 2024-01-05 09:09:37,265 [werkzeug:_internal.py:_log:96]
 * Debugger PIN: 135-347-301

INFO 2024-01-05 09:09:50,644 [root:models.py:get_backbone:46]
Loading ResNet50 Backbone

INFO 2024-01-05 09:09:51,220 [root:models.py:get_aggregation:89]
Loading GEM Aggregation

INFO 2024-01-05 09:09:51,379 [root:train.py:__init__:70]
Feature Dim Is: 2048

ERROR 2024-01-05 09:09:51,381 [root:predict.py:__init__:52]
Not Loading A Pretrained FaceID Model

INFO 2024-01-05 09:09:51,382 [root:predict.py:load_id_database:98]
Loaded 3 identifications

INFO 2024-01-05 09:09:51,525 [werkzeug:_internal.py:_log:96]
[31m[1mWARNING: This is a development server. Do not use it in a production deployment. Use a production WSGI server instead.[0m
 * Running on http://127.0.0.1:5000

INFO 2024-01-05 09:09:51,527 [werkzeug:_internal.py:_log:96]
[33mPress CTRL+C to quit[0m

INFO 2024-01-05 09:09:51,528 [werkzeug:_internal.py:_log:96]
 * Restarting with stat

INFO 2024-01-05 09:09:53,915 [root:models.py:get_backbone:46]
Loading ResNet50 Backbone

INFO 2024-01-05 09:09:54,493 [root:models.py:get_aggregation:89]
Loading GEM Aggregation

INFO 2024-01-05 09:09:54,655 [root:train.py:__init__:70]
Feature Dim Is: 2048

ERROR 2024-01-05 09:09:54,656 [root:predict.py:__init__:52]
Not Loading A Pretrained FaceID Model

INFO 2024-01-05 09:09:54,657 [root:predict.py:load_id_database:98]
Loaded 3 identifications

WARNING 2024-01-05 09:09:54,805 [werkzeug:_internal.py:_log:96]
 * Debugger is active!

INFO 2024-01-05 09:09:54,806 [werkzeug:_internal.py:_log:96]
 * Debugger PIN: 135-347-301

INFO 2024-01-05 09:09:58,412 [werkzeug:_internal.py:_log:96]
127.0.0.1 - - [05/Jan/2024 09:09:58] "[35m[1mGET / HTTP/1.1[0m" 500 -

INFO 2024-01-05 09:09:58,435 [werkzeug:_internal.py:_log:96]
127.0.0.1 - - [05/Jan/2024 09:09:58] "[36mGET /?__debugger__=yes&cmd=resource&f=style.css HTTP/1.1[0m" 304 -

INFO 2024-01-05 09:09:58,437 [werkzeug:_internal.py:_log:96]
127.0.0.1 - - [05/Jan/2024 09:09:58] "[36mGET /?__debugger__=yes&cmd=resource&f=debugger.js HTTP/1.1[0m" 304 -

INFO 2024-01-05 09:09:58,449 [werkzeug:_internal.py:_log:96]
127.0.0.1 - - [05/Jan/2024 09:09:58] "[36mGET /?__debugger__=yes&cmd=resource&f=console.png HTTP/1.1[0m" 304 -

INFO 2024-01-05 09:10:20,722 [werkzeug:_internal.py:_log:96]
 * Detected change in '/home/oliver/Documents/github/DoorCam/doorcam/app.py', reloading

INFO 2024-01-05 09:10:21,443 [werkzeug:_internal.py:_log:96]
 * Restarting with stat

INFO 2024-01-05 09:10:23,823 [root:models.py:get_backbone:46]
Loading ResNet50 Backbone

INFO 2024-01-05 09:10:24,444 [root:models.py:get_aggregation:89]
Loading GEM Aggregation

INFO 2024-01-05 09:10:24,620 [root:train.py:__init__:70]
Feature Dim Is: 2048

ERROR 2024-01-05 09:10:24,622 [root:predict.py:__init__:52]
Not Loading A Pretrained FaceID Model

INFO 2024-01-05 09:10:24,622 [root:predict.py:load_id_database:98]
Loaded 3 identifications

WARNING 2024-01-05 09:10:24,768 [werkzeug:_internal.py:_log:96]
 * Debugger is active!

INFO 2024-01-05 09:10:24,769 [werkzeug:_internal.py:_log:96]
 * Debugger PIN: 135-347-301

INFO 2024-01-05 09:10:33,125 [werkzeug:_internal.py:_log:96]
 * Detected change in '/home/oliver/Documents/github/DoorCam/doorcam/app.py', reloading

INFO 2024-01-05 09:10:33,858 [werkzeug:_internal.py:_log:96]
 * Restarting with stat

INFO 2024-01-05 09:10:36,291 [root:models.py:get_backbone:46]
Loading ResNet50 Backbone

INFO 2024-01-05 09:10:36,869 [root:models.py:get_aggregation:89]
Loading GEM Aggregation

INFO 2024-01-05 09:10:37,053 [root:train.py:__init__:70]
Feature Dim Is: 2048

ERROR 2024-01-05 09:10:37,054 [root:predict.py:__init__:52]
Not Loading A Pretrained FaceID Model

INFO 2024-01-05 09:10:37,055 [root:predict.py:load_id_database:98]
Loaded 3 identifications

WARNING 2024-01-05 09:10:37,218 [werkzeug:_internal.py:_log:96]
 * Debugger is active!

INFO 2024-01-05 09:10:37,219 [werkzeug:_internal.py:_log:96]
 * Debugger PIN: 135-347-301

INFO 2024-01-05 09:10:40,382 [werkzeug:_internal.py:_log:96]
 * Detected change in '/home/oliver/Documents/github/DoorCam/doorcam/app.py', reloading

INFO 2024-01-05 09:10:41,119 [werkzeug:_internal.py:_log:96]
 * Restarting with stat

INFO 2024-01-05 09:10:43,524 [root:models.py:get_backbone:46]
Loading ResNet50 Backbone

INFO 2024-01-05 09:10:44,172 [root:models.py:get_aggregation:89]
Loading GEM Aggregation

INFO 2024-01-05 09:10:44,341 [root:train.py:__init__:70]
Feature Dim Is: 2048

ERROR 2024-01-05 09:10:44,342 [root:predict.py:__init__:52]
Not Loading A Pretrained FaceID Model

INFO 2024-01-05 09:10:44,343 [root:predict.py:load_id_database:98]
Loaded 3 identifications

WARNING 2024-01-05 09:10:44,492 [werkzeug:_internal.py:_log:96]
 * Debugger is active!

INFO 2024-01-05 09:10:44,493 [werkzeug:_internal.py:_log:96]
 * Debugger PIN: 135-347-301

INFO 2024-01-05 09:10:46,880 [werkzeug:_internal.py:_log:96]
127.0.0.1 - - [05/Jan/2024 09:10:46] "GET / HTTP/1.1" 200 -

INFO 2024-01-05 09:10:47,075 [werkzeug:_internal.py:_log:96]
127.0.0.1 - - [05/Jan/2024 09:10:47] "[36mGET /static/people/person4.jpg HTTP/1.1[0m" 304 -

INFO 2024-01-05 09:10:47,076 [werkzeug:_internal.py:_log:96]
127.0.0.1 - - [05/Jan/2024 09:10:47] "[36mGET /static/people/person2.jpg HTTP/1.1[0m" 304 -

INFO 2024-01-05 09:10:47,076 [werkzeug:_internal.py:_log:96]
127.0.0.1 - - [05/Jan/2024 09:10:47] "[36mGET /static/people/person3.jpg HTTP/1.1[0m" 304 -

INFO 2024-01-05 09:11:56,407 [werkzeug:_internal.py:_log:96]
127.0.0.1 - - [05/Jan/2024 09:11:56] "GET / HTTP/1.1" 200 -

INFO 2024-01-05 09:11:56,435 [werkzeug:_internal.py:_log:96]
127.0.0.1 - - [05/Jan/2024 09:11:56] "[36mGET /static/people/person2.jpg HTTP/1.1[0m" 304 -

INFO 2024-01-05 09:11:56,438 [werkzeug:_internal.py:_log:96]
127.0.0.1 - - [05/Jan/2024 09:11:56] "[36mGET /static/people/person3.jpg HTTP/1.1[0m" 304 -

INFO 2024-01-05 09:11:56,439 [werkzeug:_internal.py:_log:96]
127.0.0.1 - - [05/Jan/2024 09:11:56] "[36mGET /static/people/person4.jpg HTTP/1.1[0m" 304 -

INFO 2024-01-05 09:11:57,915 [werkzeug:_internal.py:_log:96]
127.0.0.1 - - [05/Jan/2024 09:11:57] "GET / HTTP/1.1" 200 -

INFO 2024-01-05 09:11:57,942 [werkzeug:_internal.py:_log:96]
127.0.0.1 - - [05/Jan/2024 09:11:57] "[36mGET /static/people/person2.jpg HTTP/1.1[0m" 304 -

INFO 2024-01-05 09:11:57,943 [werkzeug:_internal.py:_log:96]
127.0.0.1 - - [05/Jan/2024 09:11:57] "[36mGET /static/people/person4.jpg HTTP/1.1[0m" 304 -

INFO 2024-01-05 09:11:57,944 [werkzeug:_internal.py:_log:96]
127.0.0.1 - - [05/Jan/2024 09:11:57] "[36mGET /static/people/person3.jpg HTTP/1.1[0m" 304 -

INFO 2024-01-05 09:13:10,515 [root:predict.py:inference:85]
Un-identified person

INFO 2024-01-05 09:13:10,520 [werkzeug:_internal.py:_log:96]
127.0.0.1 - - [05/Jan/2024 09:13:10] "POST /update HTTP/1.1" 200 -

INFO 2024-01-05 09:13:18,983 [werkzeug:_internal.py:_log:96]
127.0.0.1 - - [05/Jan/2024 09:13:18] "GET / HTTP/1.1" 200 -

INFO 2024-01-05 09:13:19,019 [werkzeug:_internal.py:_log:96]
127.0.0.1 - - [05/Jan/2024 09:13:19] "[36mGET /static/people/person2.jpg HTTP/1.1[0m" 304 -

INFO 2024-01-05 09:13:19,020 [werkzeug:_internal.py:_log:96]
127.0.0.1 - - [05/Jan/2024 09:13:19] "[36mGET /static/people/person3.jpg HTTP/1.1[0m" 304 -

INFO 2024-01-05 09:13:19,022 [werkzeug:_internal.py:_log:96]
127.0.0.1 - - [05/Jan/2024 09:13:19] "[36mGET /static/people/person4.jpg HTTP/1.1[0m" 304 -

INFO 2024-01-05 09:13:20,943 [werkzeug:_internal.py:_log:96]
127.0.0.1 - - [05/Jan/2024 09:13:20] "GET / HTTP/1.1" 200 -

INFO 2024-01-05 09:13:20,970 [werkzeug:_internal.py:_log:96]
127.0.0.1 - - [05/Jan/2024 09:13:20] "[36mGET /static/people/person2.jpg HTTP/1.1[0m" 304 -

INFO 2024-01-05 09:13:20,970 [werkzeug:_internal.py:_log:96]
127.0.0.1 - - [05/Jan/2024 09:13:20] "[36mGET /static/people/person4.jpg HTTP/1.1[0m" 304 -

INFO 2024-01-05 09:13:20,972 [werkzeug:_internal.py:_log:96]
127.0.0.1 - - [05/Jan/2024 09:13:20] "[36mGET /static/people/person3.jpg HTTP/1.1[0m" 304 -

INFO 2024-01-05 09:13:22,517 [werkzeug:_internal.py:_log:96]
127.0.0.1 - - [05/Jan/2024 09:13:22] "GET / HTTP/1.1" 200 -

INFO 2024-01-05 09:13:22,545 [werkzeug:_internal.py:_log:96]
127.0.0.1 - - [05/Jan/2024 09:13:22] "[36mGET /static/people/person2.jpg HTTP/1.1[0m" 304 -

INFO 2024-01-05 09:13:22,547 [werkzeug:_internal.py:_log:96]
127.0.0.1 - - [05/Jan/2024 09:13:22] "[36mGET /static/people/person4.jpg HTTP/1.1[0m" 304 -

INFO 2024-01-05 09:13:22,547 [werkzeug:_internal.py:_log:96]
127.0.0.1 - - [05/Jan/2024 09:13:22] "[36mGET /static/people/person3.jpg HTTP/1.1[0m" 304 -

INFO 2024-01-05 09:13:25,282 [werkzeug:_internal.py:_log:96]
127.0.0.1 - - [05/Jan/2024 09:13:25] "GET / HTTP/1.1" 200 -

INFO 2024-01-05 09:13:25,308 [werkzeug:_internal.py:_log:96]
127.0.0.1 - - [05/Jan/2024 09:13:25] "[36mGET /static/people/person2.jpg HTTP/1.1[0m" 304 -

INFO 2024-01-05 09:13:25,310 [werkzeug:_internal.py:_log:96]
127.0.0.1 - - [05/Jan/2024 09:13:25] "[36mGET /static/people/person3.jpg HTTP/1.1[0m" 304 -

INFO 2024-01-05 09:13:25,312 [werkzeug:_internal.py:_log:96]
127.0.0.1 - - [05/Jan/2024 09:13:25] "[36mGET /static/people/person4.jpg HTTP/1.1[0m" 304 -

INFO 2024-01-05 09:13:35,503 [root:predict.py:inference:85]
Un-identified person

INFO 2024-01-05 09:13:35,507 [werkzeug:_internal.py:_log:96]
127.0.0.1 - - [05/Jan/2024 09:13:35] "POST /update HTTP/1.1" 200 -

INFO 2024-01-05 09:13:50,846 [werkzeug:_internal.py:_log:96]
127.0.0.1 - - [05/Jan/2024 09:13:50] "GET / HTTP/1.1" 200 -

INFO 2024-01-05 09:13:50,874 [werkzeug:_internal.py:_log:96]
127.0.0.1 - - [05/Jan/2024 09:13:50] "[36mGET /static/people/person2.jpg HTTP/1.1[0m" 304 -

INFO 2024-01-05 09:13:50,877 [werkzeug:_internal.py:_log:96]
127.0.0.1 - - [05/Jan/2024 09:13:50] "[36mGET /static/people/person3.jpg HTTP/1.1[0m" 304 -

INFO 2024-01-05 09:13:50,878 [werkzeug:_internal.py:_log:96]
127.0.0.1 - - [05/Jan/2024 09:13:50] "[36mGET /static/people/person4.jpg HTTP/1.1[0m" 304 -

INFO 2024-01-05 09:13:52,351 [werkzeug:_internal.py:_log:96]
127.0.0.1 - - [05/Jan/2024 09:13:52] "GET / HTTP/1.1" 200 -

INFO 2024-01-05 09:13:52,376 [werkzeug:_internal.py:_log:96]
127.0.0.1 - - [05/Jan/2024 09:13:52] "[36mGET /static/people/person2.jpg HTTP/1.1[0m" 304 -

INFO 2024-01-05 09:13:52,379 [werkzeug:_internal.py:_log:96]
127.0.0.1 - - [05/Jan/2024 09:13:52] "[36mGET /static/people/person3.jpg HTTP/1.1[0m" 304 -

INFO 2024-01-05 09:13:52,380 [werkzeug:_internal.py:_log:96]
127.0.0.1 - - [05/Jan/2024 09:13:52] "[36mGET /static/people/person4.jpg HTTP/1.1[0m" 304 -

INFO 2024-01-05 09:13:58,274 [werkzeug:_internal.py:_log:96]
127.0.0.1 - - [05/Jan/2024 09:13:58] "GET / HTTP/1.1" 200 -

INFO 2024-01-05 09:13:58,297 [werkzeug:_internal.py:_log:96]
127.0.0.1 - - [05/Jan/2024 09:13:58] "[36mGET /static/people/person2.jpg HTTP/1.1[0m" 304 -

INFO 2024-01-05 09:13:58,298 [werkzeug:_internal.py:_log:96]
127.0.0.1 - - [05/Jan/2024 09:13:58] "[36mGET /static/people/person3.jpg HTTP/1.1[0m" 304 -

INFO 2024-01-05 09:13:58,300 [werkzeug:_internal.py:_log:96]
127.0.0.1 - - [05/Jan/2024 09:13:58] "[36mGET /static/people/person4.jpg HTTP/1.1[0m" 304 -

INFO 2024-01-05 09:14:01,962 [werkzeug:_internal.py:_log:96]
127.0.0.1 - - [05/Jan/2024 09:14:01] "GET / HTTP/1.1" 200 -

INFO 2024-01-05 09:14:01,989 [werkzeug:_internal.py:_log:96]
127.0.0.1 - - [05/Jan/2024 09:14:01] "[36mGET /static/people/person2.jpg HTTP/1.1[0m" 304 -

INFO 2024-01-05 09:14:01,989 [werkzeug:_internal.py:_log:96]
127.0.0.1 - - [05/Jan/2024 09:14:01] "[36mGET /static/people/person3.jpg HTTP/1.1[0m" 304 -

INFO 2024-01-05 09:14:01,989 [werkzeug:_internal.py:_log:96]
127.0.0.1 - - [05/Jan/2024 09:14:01] "[36mGET /static/people/person4.jpg HTTP/1.1[0m" 304 -

INFO 2024-01-05 09:15:01,336 [werkzeug:_internal.py:_log:96]
 * Detected change in '/home/oliver/Documents/github/DoorCam/doorcam/predict.py', reloading

INFO 2024-01-05 09:15:02,131 [werkzeug:_internal.py:_log:96]
 * Restarting with stat

INFO 2024-01-05 09:15:04,593 [root:models.py:get_backbone:46]
Loading ResNet50 Backbone

INFO 2024-01-05 09:15:05,213 [root:models.py:get_aggregation:89]
Loading GEM Aggregation

INFO 2024-01-05 09:15:05,396 [root:train.py:__init__:70]
Feature Dim Is: 2048

ERROR 2024-01-05 09:15:05,397 [root:predict.py:__init__:52]
Not Loading A Pretrained FaceID Model

INFO 2024-01-05 09:15:05,398 [root:predict.py:load_id_database:98]
Loaded 3 identifications

WARNING 2024-01-05 09:15:05,546 [werkzeug:_internal.py:_log:96]
 * Debugger is active!

INFO 2024-01-05 09:15:05,547 [werkzeug:_internal.py:_log:96]
 * Debugger PIN: 135-347-301

INFO 2024-01-05 09:18:50,915 [werkzeug:_internal.py:_log:96]
127.0.0.1 - - [05/Jan/2024 09:18:50] "[31m[1mPOST / HTTP/1.1[0m" 405 -

INFO 2024-01-05 09:18:57,935 [werkzeug:_internal.py:_log:96]
127.0.0.1 - - [05/Jan/2024 09:18:57] "[31m[1mPOST / HTTP/1.1[0m" 405 -

INFO 2024-01-05 09:19:03,633 [werkzeug:_internal.py:_log:96]
127.0.0.1 - - [05/Jan/2024 09:19:03] "GET / HTTP/1.1" 200 -

INFO 2024-01-05 09:19:03,663 [werkzeug:_internal.py:_log:96]
127.0.0.1 - - [05/Jan/2024 09:19:03] "GET /static/people/person2.jpg HTTP/1.1" 200 -

INFO 2024-01-05 09:19:03,667 [werkzeug:_internal.py:_log:96]
127.0.0.1 - - [05/Jan/2024 09:19:03] "GET /static/people/person4.jpg HTTP/1.1" 200 -

INFO 2024-01-05 09:19:03,668 [werkzeug:_internal.py:_log:96]
127.0.0.1 - - [05/Jan/2024 09:19:03] "GET /static/people/person3.jpg HTTP/1.1" 200 -

INFO 2024-01-05 09:22:54,928 [root:predict.py:inference:77]
Person has been identified

INFO 2024-01-05 09:22:54,932 [werkzeug:_internal.py:_log:96]
127.0.0.1 - - [05/Jan/2024 09:22:54] "POST /update HTTP/1.1" 200 -

INFO 2024-01-05 09:23:13,525 [root:predict.py:inference:77]
Person has been identified

INFO 2024-01-05 09:23:13,530 [werkzeug:_internal.py:_log:96]
127.0.0.1 - - [05/Jan/2024 09:23:13] "POST /update HTTP/1.1" 200 -

INFO 2024-01-05 09:23:21,210 [werkzeug:_internal.py:_log:96]
127.0.0.1 - - [05/Jan/2024 09:23:21] "GET / HTTP/1.1" 200 -

INFO 2024-01-05 09:23:21,236 [werkzeug:_internal.py:_log:96]
127.0.0.1 - - [05/Jan/2024 09:23:21] "GET /static/people/person2.jpg HTTP/1.1" 200 -

INFO 2024-01-05 09:23:21,238 [werkzeug:_internal.py:_log:96]
127.0.0.1 - - [05/Jan/2024 09:23:21] "GET /static/people/person3.jpg HTTP/1.1" 200 -

INFO 2024-01-05 09:23:21,239 [werkzeug:_internal.py:_log:96]
127.0.0.1 - - [05/Jan/2024 09:23:21] "[36mGET /static/people/person4.jpg HTTP/1.1[0m" 304 -

INFO 2024-01-05 09:23:51,343 [werkzeug:_internal.py:_log:96]
 * Detected change in '/home/oliver/Documents/github/DoorCam/doorcam/predict.py', reloading

INFO 2024-01-05 09:23:52,002 [werkzeug:_internal.py:_log:96]
 * Restarting with stat

INFO 2024-01-05 09:23:54,326 [root:models.py:get_backbone:46]
Loading ResNet50 Backbone

INFO 2024-01-05 09:23:54,876 [root:models.py:get_aggregation:89]
Loading GEM Aggregation

INFO 2024-01-05 09:23:55,029 [root:train.py:__init__:70]
Feature Dim Is: 2048

ERROR 2024-01-05 09:23:55,030 [root:predict.py:__init__:52]
Not Loading A Pretrained FaceID Model

INFO 2024-01-05 09:23:55,031 [root:predict.py:load_id_database:98]
Loaded 3 identifications

WARNING 2024-01-05 09:23:55,169 [werkzeug:_internal.py:_log:96]
 * Debugger is active!

INFO 2024-01-05 09:23:55,170 [werkzeug:_internal.py:_log:96]
 * Debugger PIN: 135-347-301

INFO 2024-01-05 09:24:00,370 [werkzeug:_internal.py:_log:96]
127.0.0.1 - - [05/Jan/2024 09:24:00] "GET / HTTP/1.1" 200 -

INFO 2024-01-05 09:24:00,402 [werkzeug:_internal.py:_log:96]
127.0.0.1 - - [05/Jan/2024 09:24:00] "[36mGET /static/people/person4.jpg HTTP/1.1[0m" 304 -

INFO 2024-01-05 09:24:00,404 [werkzeug:_internal.py:_log:96]
127.0.0.1 - - [05/Jan/2024 09:24:00] "GET /static/people/person2.jpg HTTP/1.1" 200 -

INFO 2024-01-05 09:24:00,405 [werkzeug:_internal.py:_log:96]
127.0.0.1 - - [05/Jan/2024 09:24:00] "GET /static/people/person3.jpg HTTP/1.1" 200 -

INFO 2024-01-05 09:24:00,409 [werkzeug:_internal.py:_log:96]
127.0.0.1 - - [05/Jan/2024 09:24:00] "[33mGET /favicon.ico HTTP/1.1[0m" 404 -

INFO 2024-01-05 09:24:02,031 [werkzeug:_internal.py:_log:96]
127.0.0.1 - - [05/Jan/2024 09:24:02] "GET / HTTP/1.1" 200 -

INFO 2024-01-05 09:24:02,055 [werkzeug:_internal.py:_log:96]
127.0.0.1 - - [05/Jan/2024 09:24:02] "GET /static/people/person2.jpg HTTP/1.1" 200 -

INFO 2024-01-05 09:24:02,057 [werkzeug:_internal.py:_log:96]
127.0.0.1 - - [05/Jan/2024 09:24:02] "[36mGET /static/people/person4.jpg HTTP/1.1[0m" 304 -

INFO 2024-01-05 09:24:02,058 [werkzeug:_internal.py:_log:96]
127.0.0.1 - - [05/Jan/2024 09:24:02] "GET /static/people/person3.jpg HTTP/1.1" 200 -

INFO 2024-01-05 09:24:02,063 [werkzeug:_internal.py:_log:96]
127.0.0.1 - - [05/Jan/2024 09:24:02] "[33mGET /favicon.ico HTTP/1.1[0m" 404 -

INFO 2024-01-05 09:24:09,438 [root:predict.py:inference:77]
Person has been identified

INFO 2024-01-05 09:24:09,444 [werkzeug:_internal.py:_log:96]
127.0.0.1 - - [05/Jan/2024 09:24:09] "POST /update HTTP/1.1" 200 -

INFO 2024-01-05 09:24:12,743 [werkzeug:_internal.py:_log:96]
127.0.0.1 - - [05/Jan/2024 09:24:12] "GET / HTTP/1.1" 200 -

INFO 2024-01-05 09:24:12,767 [werkzeug:_internal.py:_log:96]
127.0.0.1 - - [05/Jan/2024 09:24:12] "[36mGET /static/people/person2.jpg HTTP/1.1[0m" 304 -

INFO 2024-01-05 09:24:12,768 [werkzeug:_internal.py:_log:96]
127.0.0.1 - - [05/Jan/2024 09:24:12] "[36mGET /static/people/person3.jpg HTTP/1.1[0m" 304 -

INFO 2024-01-05 09:24:12,769 [werkzeug:_internal.py:_log:96]
127.0.0.1 - - [05/Jan/2024 09:24:12] "[36mGET /static/people/person4.jpg HTTP/1.1[0m" 304 -

INFO 2024-01-05 09:24:16,046 [root:predict.py:inference:77]
Person has been identified

INFO 2024-01-05 09:24:16,049 [werkzeug:_internal.py:_log:96]
127.0.0.1 - - [05/Jan/2024 09:24:16] "POST /update HTTP/1.1" 200 -

INFO 2024-01-05 09:24:19,667 [werkzeug:_internal.py:_log:96]
127.0.0.1 - - [05/Jan/2024 09:24:19] "GET / HTTP/1.1" 200 -

INFO 2024-01-05 09:24:19,690 [werkzeug:_internal.py:_log:96]
127.0.0.1 - - [05/Jan/2024 09:24:19] "GET /static/people/person2.jpg HTTP/1.1" 200 -

INFO 2024-01-05 09:24:19,692 [werkzeug:_internal.py:_log:96]
127.0.0.1 - - [05/Jan/2024 09:24:19] "GET /static/people/person3.jpg HTTP/1.1" 200 -

INFO 2024-01-05 09:24:19,693 [werkzeug:_internal.py:_log:96]
127.0.0.1 - - [05/Jan/2024 09:24:19] "[36mGET /static/people/person4.jpg HTTP/1.1[0m" 304 -

INFO 2024-01-05 09:24:19,698 [werkzeug:_internal.py:_log:96]
127.0.0.1 - - [05/Jan/2024 09:24:19] "[33mGET /favicon.ico HTTP/1.1[0m" 404 -

INFO 2024-01-05 09:24:25,368 [root:predict.py:inference:77]
Person has been identified

INFO 2024-01-05 09:24:25,374 [werkzeug:_internal.py:_log:96]
127.0.0.1 - - [05/Jan/2024 09:24:25] "POST /update HTTP/1.1" 200 -

INFO 2024-01-05 09:24:28,291 [werkzeug:_internal.py:_log:96]
127.0.0.1 - - [05/Jan/2024 09:24:28] "GET / HTTP/1.1" 200 -

INFO 2024-01-05 09:24:28,314 [werkzeug:_internal.py:_log:96]
127.0.0.1 - - [05/Jan/2024 09:24:28] "[36mGET /static/people/person4.jpg HTTP/1.1[0m" 304 -

INFO 2024-01-05 09:24:28,316 [werkzeug:_internal.py:_log:96]
127.0.0.1 - - [05/Jan/2024 09:24:28] "GET /static/people/person3.jpg HTTP/1.1" 200 -

INFO 2024-01-05 09:24:28,317 [werkzeug:_internal.py:_log:96]
127.0.0.1 - - [05/Jan/2024 09:24:28] "GET /static/people/person2.jpg HTTP/1.1" 200 -

INFO 2024-01-05 09:25:03,371 [root:models.py:get_backbone:46]
Loading ResNet50 Backbone

INFO 2024-01-05 09:25:03,691 [root:models.py:get_backbone:28]
Loading ResNet18 Backbone

INFO 2024-01-05 09:25:03,821 [root:models.py:get_backbone:46]
Loading ResNet50 Backbone

INFO 2024-01-05 09:25:04,146 [root:models.py:get_aggregation:79]
Loading MAC Aggregation

INFO 2024-01-05 09:25:04,150 [root:models.py:get_aggregation:84]
Loading SPOC Aggregation

INFO 2024-01-05 09:25:04,152 [root:models.py:get_aggregation:89]
Loading GEM Aggregation

INFO 2024-01-05 09:25:04,156 [root:models.py:get_backbone:46]
Loading ResNet50 Backbone

INFO 2024-01-05 09:25:04,430 [root:models.py:get_aggregation:89]
Loading GEM Aggregation

INFO 2024-01-05 09:25:04,505 [root:models.py:get_backbone:46]
Loading ResNet50 Backbone

INFO 2024-01-05 09:25:04,743 [root:models.py:get_aggregation:89]
Loading GEM Aggregation

INFO 2024-01-05 09:25:04,799 [root:models.py:get_backbone:46]
Loading ResNet50 Backbone

INFO 2024-01-05 09:25:05,042 [root:models.py:get_aggregation:89]
Loading GEM Aggregation

INFO 2024-01-05 09:25:05,102 [root:models.py:get_backbone:46]
Loading ResNet50 Backbone

INFO 2024-01-05 09:25:05,354 [root:models.py:get_aggregation:89]
Loading GEM Aggregation

INFO 2024-01-05 09:25:05,419 [root:models.py:get_backbone:46]
Loading ResNet50 Backbone

INFO 2024-01-05 09:25:05,670 [root:models.py:get_aggregation:89]
Loading GEM Aggregation

INFO 2024-01-05 09:25:05,732 [root:models.py:get_backbone:46]
Loading ResNet50 Backbone

INFO 2024-01-05 09:25:05,965 [root:models.py:get_aggregation:89]
Loading GEM Aggregation

INFO 2024-01-05 09:25:06,023 [root:models.py:get_backbone:46]
Loading ResNet50 Backbone

INFO 2024-01-05 09:25:06,256 [root:models.py:get_aggregation:89]
Loading GEM Aggregation

INFO 2024-01-05 09:25:06,360 [root:models.py:get_backbone:46]
Loading ResNet50 Backbone

INFO 2024-01-05 09:25:06,608 [root:models.py:get_aggregation:89]
Loading GEM Aggregation

INFO 2024-01-05 09:25:06,714 [root:models.py:get_backbone:46]
Loading ResNet50 Backbone

INFO 2024-01-05 09:25:06,954 [root:models.py:get_aggregation:89]
Loading GEM Aggregation

INFO 2024-01-05 09:25:07,050 [root:models.py:get_backbone:46]
Loading ResNet50 Backbone

INFO 2024-01-05 09:25:07,352 [root:models.py:get_aggregation:89]
Loading GEM Aggregation

INFO 2024-01-05 09:25:07,447 [root:models.py:get_backbone:46]
Loading ResNet50 Backbone

INFO 2024-01-05 09:25:07,698 [root:models.py:get_aggregation:89]
Loading GEM Aggregation

INFO 2024-01-05 09:25:07,807 [root:models.py:get_backbone:46]
Loading ResNet50 Backbone

INFO 2024-01-05 09:25:08,078 [root:models.py:get_aggregation:89]
Loading GEM Aggregation

INFO 2024-01-05 09:25:58,272 [root:models.py:get_backbone:46]
Loading ResNet50 Backbone

INFO 2024-01-05 09:25:58,824 [root:models.py:get_aggregation:89]
Loading GEM Aggregation

INFO 2024-01-05 09:25:58,982 [root:train.py:__init__:70]
Feature Dim Is: 2048

ERROR 2024-01-05 09:25:58,983 [root:predict.py:__init__:52]
Not Loading A Pretrained FaceID Model

INFO 2024-01-05 09:25:58,984 [root:predict.py:load_id_database:98]
Loaded 3 identifications

INFO 2024-01-05 09:25:59,126 [werkzeug:_internal.py:_log:96]
[31m[1mWARNING: This is a development server. Do not use it in a production deployment. Use a production WSGI server instead.[0m
 * Running on http://127.0.0.1:5000

INFO 2024-01-05 09:25:59,127 [werkzeug:_internal.py:_log:96]
[33mPress CTRL+C to quit[0m

INFO 2024-01-05 09:25:59,128 [werkzeug:_internal.py:_log:96]
 * Restarting with stat

INFO 2024-01-05 09:26:01,364 [root:models.py:get_backbone:46]
Loading ResNet50 Backbone

INFO 2024-01-05 09:26:01,888 [root:models.py:get_aggregation:89]
Loading GEM Aggregation

INFO 2024-01-05 09:26:02,039 [root:train.py:__init__:70]
Feature Dim Is: 2048

ERROR 2024-01-05 09:26:02,040 [root:predict.py:__init__:52]
Not Loading A Pretrained FaceID Model

INFO 2024-01-05 09:26:02,041 [root:predict.py:load_id_database:98]
Loaded 3 identifications

WARNING 2024-01-05 09:26:02,169 [werkzeug:_internal.py:_log:96]
 * Debugger is active!

INFO 2024-01-05 09:26:02,171 [werkzeug:_internal.py:_log:96]
 * Debugger PIN: 135-347-301

INFO 2024-01-05 10:22:32,893 [root:models.py:get_backbone:46]
Loading ResNet50 Backbone

INFO 2024-01-05 10:22:33,281 [root:models.py:get_aggregation:89]
Loading GEM Aggregation

INFO 2024-01-05 10:22:33,414 [root:train.py:__init__:70]
Feature Dim Is: 2048

INFO 2024-01-05 10:22:33,946 [root:predict.py:__init__:58]
Loading FaceID Model Checkpoint

INFO 2024-01-05 10:22:33,948 [root:predict.py:load_id_database:99]
Loaded 3 identifications

INFO 2024-01-05 10:22:34,097 [werkzeug:_internal.py:_log:96]
[31m[1mWARNING: This is a development server. Do not use it in a production deployment. Use a production WSGI server instead.[0m
 * Running on http://127.0.0.1:5000

INFO 2024-01-05 10:22:34,098 [werkzeug:_internal.py:_log:96]
[33mPress CTRL+C to quit[0m

INFO 2024-01-05 10:22:34,099 [werkzeug:_internal.py:_log:96]
 * Restarting with stat

INFO 2024-01-05 10:22:38,547 [root:models.py:get_backbone:46]
Loading ResNet50 Backbone

INFO 2024-01-05 10:22:38,875 [root:models.py:get_aggregation:89]
Loading GEM Aggregation

INFO 2024-01-05 10:22:39,018 [root:train.py:__init__:70]
Feature Dim Is: 2048

INFO 2024-01-05 10:22:39,545 [root:predict.py:__init__:58]
Loading FaceID Model Checkpoint

INFO 2024-01-05 10:22:39,547 [root:predict.py:load_id_database:99]
Loaded 3 identifications

WARNING 2024-01-05 10:22:39,720 [werkzeug:_internal.py:_log:96]
 * Debugger is active!

INFO 2024-01-05 10:22:39,722 [werkzeug:_internal.py:_log:96]
 * Debugger PIN: 135-347-301

INFO 2024-01-05 10:24:03,513 [root:predict.py:inference:78]
Person has been identified

INFO 2024-01-05 10:24:03,521 [werkzeug:_internal.py:_log:96]
127.0.0.1 - - [05/Jan/2024 10:24:03] "POST /update HTTP/1.1" 200 -

INFO 2024-01-05 10:25:02,513 [werkzeug:_internal.py:_log:96]
 * Detected change in '/home/oliver/Documents/github/DoorCam/doorcam/predict.py', reloading

INFO 2024-01-05 10:25:03,541 [werkzeug:_internal.py:_log:96]
 * Restarting with stat

INFO 2024-01-05 11:21:15,579 [root:models.py:get_backbone:46]
Loading ResNet50 Backbone

INFO 2024-01-05 11:21:15,977 [root:models.py:get_aggregation:89]
Loading GEM Aggregation

INFO 2024-01-05 11:21:16,150 [root:train.py:__init__:70]
Feature Dim Is: 2048

INFO 2024-01-05 11:21:16,756 [root:predict.py:__init__:57]
Loading FaceID Model Checkpoint

INFO 2024-01-05 11:21:16,758 [root:predict.py:load_id_database:98]
Loaded 3 identifications

INFO 2024-01-05 11:21:16,976 [werkzeug:_internal.py:_log:96]
[31m[1mWARNING: This is a development server. Do not use it in a production deployment. Use a production WSGI server instead.[0m
 * Running on http://127.0.0.1:5000

INFO 2024-01-05 11:21:16,979 [werkzeug:_internal.py:_log:96]
[33mPress CTRL+C to quit[0m

INFO 2024-01-05 11:21:16,981 [werkzeug:_internal.py:_log:96]
 * Restarting with stat

INFO 2024-01-05 11:21:21,480 [root:models.py:get_backbone:46]
Loading ResNet50 Backbone

INFO 2024-01-05 11:21:21,795 [root:models.py:get_aggregation:89]
Loading GEM Aggregation

INFO 2024-01-05 11:21:21,930 [root:train.py:__init__:70]
Feature Dim Is: 2048

INFO 2024-01-05 11:21:22,474 [root:predict.py:__init__:57]
Loading FaceID Model Checkpoint

INFO 2024-01-05 11:21:22,475 [root:predict.py:load_id_database:98]
Loaded 3 identifications

WARNING 2024-01-05 11:21:22,665 [werkzeug:_internal.py:_log:96]
 * Debugger is active!

INFO 2024-01-05 11:21:22,667 [werkzeug:_internal.py:_log:96]
 * Debugger PIN: 135-347-301

INFO 2024-01-05 11:21:29,698 [werkzeug:_internal.py:_log:96]
127.0.0.1 - - [05/Jan/2024 11:21:29] "GET / HTTP/1.1" 200 -

INFO 2024-01-05 11:21:29,874 [werkzeug:_internal.py:_log:96]
127.0.0.1 - - [05/Jan/2024 11:21:29] "[36mGET /static/people/person2.jpg HTTP/1.1[0m" 304 -

INFO 2024-01-05 11:21:29,879 [werkzeug:_internal.py:_log:96]
127.0.0.1 - - [05/Jan/2024 11:21:29] "[36mGET /static/people/person4.jpg HTTP/1.1[0m" 304 -

INFO 2024-01-05 11:21:29,877 [werkzeug:_internal.py:_log:96]
127.0.0.1 - - [05/Jan/2024 11:21:29] "[36mGET /static/people/person3.jpg HTTP/1.1[0m" 304 -

INFO 2024-01-05 11:21:33,140 [werkzeug:_internal.py:_log:96]
127.0.0.1 - - [05/Jan/2024 11:21:33] "GET / HTTP/1.1" 200 -

INFO 2024-01-05 11:21:33,176 [werkzeug:_internal.py:_log:96]
127.0.0.1 - - [05/Jan/2024 11:21:33] "[36mGET /static/people/person2.jpg HTTP/1.1[0m" 304 -

INFO 2024-01-05 11:21:33,177 [werkzeug:_internal.py:_log:96]
127.0.0.1 - - [05/Jan/2024 11:21:33] "[36mGET /static/people/person3.jpg HTTP/1.1[0m" 304 -

INFO 2024-01-05 11:21:33,177 [werkzeug:_internal.py:_log:96]
127.0.0.1 - - [05/Jan/2024 11:21:33] "[36mGET /static/people/person4.jpg HTTP/1.1[0m" 304 -

INFO 2024-01-05 11:21:38,426 [werkzeug:_internal.py:_log:96]
127.0.0.1 - - [05/Jan/2024 11:21:38] "GET / HTTP/1.1" 200 -

INFO 2024-01-05 11:21:38,467 [werkzeug:_internal.py:_log:96]
127.0.0.1 - - [05/Jan/2024 11:21:38] "[36mGET /static/people/person2.jpg HTTP/1.1[0m" 304 -

INFO 2024-01-05 11:21:38,469 [werkzeug:_internal.py:_log:96]
127.0.0.1 - - [05/Jan/2024 11:21:38] "[36mGET /static/people/person4.jpg HTTP/1.1[0m" 304 -

INFO 2024-01-05 11:21:38,469 [werkzeug:_internal.py:_log:96]
127.0.0.1 - - [05/Jan/2024 11:21:38] "[36mGET /static/people/person3.jpg HTTP/1.1[0m" 304 -

INFO 2024-01-05 11:22:05,323 [werkzeug:_internal.py:_log:96]
 * Detected change in '/home/oliver/Documents/github/DoorCam/doorcam/utils.py', reloading

INFO 2024-01-05 11:22:06,307 [werkzeug:_internal.py:_log:96]
 * Restarting with stat

INFO 2024-01-05 11:22:10,604 [root:models.py:get_backbone:46]
Loading ResNet50 Backbone

INFO 2024-01-05 11:22:10,936 [root:models.py:get_aggregation:89]
Loading GEM Aggregation

INFO 2024-01-05 11:22:11,056 [root:train.py:__init__:70]
Feature Dim Is: 2048

INFO 2024-01-05 11:22:11,562 [root:predict.py:__init__:57]
Loading FaceID Model Checkpoint

INFO 2024-01-05 11:22:11,563 [root:predict.py:load_id_database:98]
Loaded 3 identifications

WARNING 2024-01-05 11:22:11,747 [werkzeug:_internal.py:_log:96]
 * Debugger is active!

INFO 2024-01-05 11:22:11,750 [werkzeug:_internal.py:_log:96]
 * Debugger PIN: 135-347-301

INFO 2024-01-05 11:22:13,482 [werkzeug:_internal.py:_log:96]
127.0.0.1 - - [05/Jan/2024 11:22:13] "GET / HTTP/1.1" 200 -

INFO 2024-01-05 11:22:13,599 [werkzeug:_internal.py:_log:96]
127.0.0.1 - - [05/Jan/2024 11:22:13] "[36mGET /static/people/person2.jpg HTTP/1.1[0m" 304 -

INFO 2024-01-05 11:22:13,602 [werkzeug:_internal.py:_log:96]
127.0.0.1 - - [05/Jan/2024 11:22:13] "[36mGET /static/people/person3.jpg HTTP/1.1[0m" 304 -

INFO 2024-01-05 11:22:13,603 [werkzeug:_internal.py:_log:96]
127.0.0.1 - - [05/Jan/2024 11:22:13] "[36mGET /static/people/person4.jpg HTTP/1.1[0m" 304 -

INFO 2024-01-05 12:23:58,397 [root:models.py:get_backbone:46]
Loading ResNet50 Backbone

INFO 2024-01-05 12:23:58,676 [root:models.py:get_aggregation:89]
Loading GEM Aggregation

INFO 2024-01-05 12:23:58,763 [root:train.py:__init__:70]
Feature Dim Is: 2048

INFO 2024-01-05 12:23:58,819 [root:predict.py:__init__:57]
Loading FaceID Model Checkpoint

INFO 2024-01-05 12:23:58,820 [root:predict.py:load_id_database:98]
Loaded 3 identifications

INFO 2024-01-05 12:23:58,938 [werkzeug:_internal.py:_log:96]
[31m[1mWARNING: This is a development server. Do not use it in a production deployment. Use a production WSGI server instead.[0m
 * Running on all addresses (0.0.0.0)
 * Running on http://127.0.0.1:5000
 * Running on http://192.168.1.187:5000

INFO 2024-01-05 12:23:58,939 [werkzeug:_internal.py:_log:96]
[33mPress CTRL+C to quit[0m

INFO 2024-01-05 12:24:30,723 [root:models.py:get_backbone:46]
Loading ResNet50 Backbone

INFO 2024-01-05 12:24:31,010 [root:models.py:get_aggregation:89]
Loading GEM Aggregation

INFO 2024-01-05 12:24:31,112 [root:train.py:__init__:70]
Feature Dim Is: 2048

INFO 2024-01-05 12:24:31,169 [root:predict.py:__init__:57]
Loading FaceID Model Checkpoint

INFO 2024-01-05 12:24:31,170 [root:predict.py:load_id_database:98]
Loaded 3 identifications

INFO 2024-01-05 12:24:31,328 [werkzeug:_internal.py:_log:96]
[31m[1mWARNING: This is a development server. Do not use it in a production deployment. Use a production WSGI server instead.[0m
 * Running on all addresses (0.0.0.0)
 * Running on http://127.0.0.1:5000
 * Running on http://192.168.1.187:5000

INFO 2024-01-05 12:24:31,330 [werkzeug:_internal.py:_log:96]
[33mPress CTRL+C to quit[0m

INFO 2024-01-05 12:24:33,132 [werkzeug:_internal.py:_log:96]
127.0.0.1 - - [05/Jan/2024 12:24:33] "GET / HTTP/1.1" 200 -

INFO 2024-01-05 12:24:33,162 [werkzeug:_internal.py:_log:96]
127.0.0.1 - - [05/Jan/2024 12:24:33] "GET /static/people/person3.jpg HTTP/1.1" 200 -

INFO 2024-01-05 12:24:33,162 [werkzeug:_internal.py:_log:96]
127.0.0.1 - - [05/Jan/2024 12:24:33] "GET /static/people/person2.jpg HTTP/1.1" 200 -

INFO 2024-01-05 12:24:33,162 [werkzeug:_internal.py:_log:96]
127.0.0.1 - - [05/Jan/2024 12:24:33] "GET /static/people/person4.jpg HTTP/1.1" 200 -

INFO 2024-01-05 12:26:05,269 [root:models.py:get_backbone:46]
Loading ResNet50 Backbone

INFO 2024-01-05 12:26:05,551 [root:models.py:get_aggregation:89]
Loading GEM Aggregation

INFO 2024-01-05 12:26:05,651 [root:train.py:__init__:70]
Feature Dim Is: 2048

INFO 2024-01-05 12:26:05,706 [root:predict.py:__init__:57]
Loading FaceID Model Checkpoint

INFO 2024-01-05 12:26:05,707 [root:predict.py:load_id_database:98]
Loaded 3 identifications

INFO 2024-01-05 12:26:05,864 [werkzeug:_internal.py:_log:96]
[31m[1mWARNING: This is a development server. Do not use it in a production deployment. Use a production WSGI server instead.[0m
 * Running on all addresses (0.0.0.0)
 * Running on http://127.0.0.1:5000
 * Running on http://192.168.1.187:5000

INFO 2024-01-05 12:26:05,865 [werkzeug:_internal.py:_log:96]
[33mPress CTRL+C to quit[0m

INFO 2024-01-05 12:26:08,052 [werkzeug:_internal.py:_log:96]
127.0.0.1 - - [05/Jan/2024 12:26:08] "GET / HTTP/1.1" 200 -

INFO 2024-01-05 12:26:08,077 [werkzeug:_internal.py:_log:96]
127.0.0.1 - - [05/Jan/2024 12:26:08] "[36mGET /static/people/person4.jpg HTTP/1.1[0m" 304 -

INFO 2024-01-05 12:26:08,078 [werkzeug:_internal.py:_log:96]
127.0.0.1 - - [05/Jan/2024 12:26:08] "[36mGET /static/people/person2.jpg HTTP/1.1[0m" 304 -

INFO 2024-01-05 12:26:08,081 [werkzeug:_internal.py:_log:96]
127.0.0.1 - - [05/Jan/2024 12:26:08] "[36mGET /static/people/person3.jpg HTTP/1.1[0m" 304 -

INFO 2024-01-05 12:29:32,149 [root:models.py:get_backbone:46]
Loading ResNet50 Backbone

INFO 2024-01-05 12:29:32,432 [root:models.py:get_aggregation:89]
Loading GEM Aggregation

INFO 2024-01-05 12:29:32,539 [root:train.py:__init__:70]
Feature Dim Is: 2048

INFO 2024-01-05 12:29:32,597 [root:predict.py:__init__:57]
Loading FaceID Model Checkpoint

INFO 2024-01-05 12:29:32,598 [root:predict.py:load_id_database:98]
Loaded 3 identifications

INFO 2024-01-05 12:29:32,762 [werkzeug:_internal.py:_log:96]
[31m[1mWARNING: This is a development server. Do not use it in a production deployment. Use a production WSGI server instead.[0m
 * Running on all addresses (0.0.0.0)
 * Running on http://127.0.0.1:5000
 * Running on http://192.168.1.187:5000

INFO 2024-01-05 12:29:32,763 [werkzeug:_internal.py:_log:96]
[33mPress CTRL+C to quit[0m

INFO 2024-01-05 12:29:37,001 [werkzeug:_internal.py:_log:96]
127.0.0.1 - - [05/Jan/2024 12:29:37] "GET / HTTP/1.1" 200 -

INFO 2024-01-05 12:29:37,030 [werkzeug:_internal.py:_log:96]
127.0.0.1 - - [05/Jan/2024 12:29:37] "[36mGET /static/people/person4.jpg HTTP/1.1[0m" 304 -

INFO 2024-01-05 12:29:37,031 [werkzeug:_internal.py:_log:96]
127.0.0.1 - - [05/Jan/2024 12:29:37] "[36mGET /static/people/person2.jpg HTTP/1.1[0m" 304 -

INFO 2024-01-05 12:29:37,032 [werkzeug:_internal.py:_log:96]
127.0.0.1 - - [05/Jan/2024 12:29:37] "[36mGET /static/people/person3.jpg HTTP/1.1[0m" 304 -

INFO 2024-01-05 12:29:39,701 [werkzeug:_internal.py:_log:96]
127.0.0.1 - - [05/Jan/2024 12:29:39] "[33mPOST /delete/people/person2.jpg HTTP/1.1[0m" 404 -

INFO 2024-01-05 12:29:45,184 [werkzeug:_internal.py:_log:96]
127.0.0.1 - - [05/Jan/2024 12:29:45] "GET / HTTP/1.1" 200 -

INFO 2024-01-05 12:29:45,210 [werkzeug:_internal.py:_log:96]
127.0.0.1 - - [05/Jan/2024 12:29:45] "[36mGET /static/people/person2.jpg HTTP/1.1[0m" 304 -

INFO 2024-01-05 12:29:45,212 [werkzeug:_internal.py:_log:96]
127.0.0.1 - - [05/Jan/2024 12:29:45] "[36mGET /static/people/person3.jpg HTTP/1.1[0m" 304 -

INFO 2024-01-05 12:29:45,213 [werkzeug:_internal.py:_log:96]
127.0.0.1 - - [05/Jan/2024 12:29:45] "[36mGET /static/people/person4.jpg HTTP/1.1[0m" 304 -

INFO 2024-01-05 12:31:08,354 [root:models.py:get_backbone:46]
Loading ResNet50 Backbone

INFO 2024-01-05 12:31:08,632 [root:models.py:get_aggregation:89]
Loading GEM Aggregation

INFO 2024-01-05 12:31:08,731 [root:train.py:__init__:70]
Feature Dim Is: 2048

INFO 2024-01-05 12:31:08,788 [root:predict.py:__init__:57]
Loading FaceID Model Checkpoint

INFO 2024-01-05 12:31:08,789 [root:predict.py:load_id_database:98]
Loaded 3 identifications

INFO 2024-01-05 12:31:08,925 [werkzeug:_internal.py:_log:96]
[31m[1mWARNING: This is a development server. Do not use it in a production deployment. Use a production WSGI server instead.[0m
 * Running on all addresses (0.0.0.0)
 * Running on http://127.0.0.1:5000
 * Running on http://192.168.1.187:5000

INFO 2024-01-05 12:31:08,927 [werkzeug:_internal.py:_log:96]
[33mPress CTRL+C to quit[0m

INFO 2024-01-05 12:31:13,424 [werkzeug:_internal.py:_log:96]
127.0.0.1 - - [05/Jan/2024 12:31:13] "GET / HTTP/1.1" 200 -

INFO 2024-01-05 12:31:13,452 [werkzeug:_internal.py:_log:96]
127.0.0.1 - - [05/Jan/2024 12:31:13] "[36mGET /static/people/person3.jpg HTTP/1.1[0m" 304 -

INFO 2024-01-05 12:31:13,452 [werkzeug:_internal.py:_log:96]
127.0.0.1 - - [05/Jan/2024 12:31:13] "[36mGET /static/people/person2.jpg HTTP/1.1[0m" 304 -

INFO 2024-01-05 12:31:13,453 [werkzeug:_internal.py:_log:96]
127.0.0.1 - - [05/Jan/2024 12:31:13] "[36mGET /static/people/person4.jpg HTTP/1.1[0m" 304 -

INFO 2024-01-05 12:31:16,390 [werkzeug:_internal.py:_log:96]
127.0.0.1 - - [05/Jan/2024 12:31:16] "[33mPOST /delete/people/person2.jpg HTTP/1.1[0m" 404 -

INFO 2024-01-05 12:31:21,082 [werkzeug:_internal.py:_log:96]
127.0.0.1 - - [05/Jan/2024 12:31:21] "GET / HTTP/1.1" 200 -

INFO 2024-01-05 12:31:21,109 [werkzeug:_internal.py:_log:96]
127.0.0.1 - - [05/Jan/2024 12:31:21] "[36mGET /static/people/person2.jpg HTTP/1.1[0m" 304 -

INFO 2024-01-05 12:31:21,110 [werkzeug:_internal.py:_log:96]
127.0.0.1 - - [05/Jan/2024 12:31:21] "[36mGET /static/people/person3.jpg HTTP/1.1[0m" 304 -

INFO 2024-01-05 12:31:21,111 [werkzeug:_internal.py:_log:96]
127.0.0.1 - - [05/Jan/2024 12:31:21] "[36mGET /static/people/person4.jpg HTTP/1.1[0m" 304 -

INFO 2024-01-05 12:31:35,187 [root:models.py:get_backbone:46]
Loading ResNet50 Backbone

INFO 2024-01-05 12:31:35,467 [root:models.py:get_aggregation:89]
Loading GEM Aggregation

INFO 2024-01-05 12:31:35,566 [root:train.py:__init__:70]
Feature Dim Is: 2048

INFO 2024-01-05 12:31:35,623 [root:predict.py:__init__:57]
Loading FaceID Model Checkpoint

INFO 2024-01-05 12:31:35,624 [root:predict.py:load_id_database:98]
Loaded 3 identifications

INFO 2024-01-05 12:31:35,784 [werkzeug:_internal.py:_log:96]
[31m[1mWARNING: This is a development server. Do not use it in a production deployment. Use a production WSGI server instead.[0m
 * Running on all addresses (0.0.0.0)
 * Running on http://127.0.0.1:5000
 * Running on http://192.168.1.187:5000

INFO 2024-01-05 12:31:35,786 [werkzeug:_internal.py:_log:96]
[33mPress CTRL+C to quit[0m

INFO 2024-01-05 12:31:35,787 [werkzeug:_internal.py:_log:96]
 * Restarting with stat

INFO 2024-01-05 12:31:38,194 [root:models.py:get_backbone:46]
Loading ResNet50 Backbone

INFO 2024-01-05 12:31:38,477 [root:models.py:get_aggregation:89]
Loading GEM Aggregation

INFO 2024-01-05 12:31:38,577 [root:train.py:__init__:70]
Feature Dim Is: 2048

INFO 2024-01-05 12:31:38,632 [root:predict.py:__init__:57]
Loading FaceID Model Checkpoint

INFO 2024-01-05 12:31:38,633 [root:predict.py:load_id_database:98]
Loaded 3 identifications

WARNING 2024-01-05 12:31:38,784 [werkzeug:_internal.py:_log:96]
 * Debugger is active!

INFO 2024-01-05 12:31:38,785 [werkzeug:_internal.py:_log:96]
 * Debugger PIN: 135-347-301

INFO 2024-01-05 12:31:44,026 [werkzeug:_internal.py:_log:96]
127.0.0.1 - - [05/Jan/2024 12:31:44] "GET / HTTP/1.1" 200 -

INFO 2024-01-05 12:31:44,063 [werkzeug:_internal.py:_log:96]
127.0.0.1 - - [05/Jan/2024 12:31:44] "[36mGET /static/people/person2.jpg HTTP/1.1[0m" 304 -

INFO 2024-01-05 12:31:44,065 [werkzeug:_internal.py:_log:96]
127.0.0.1 - - [05/Jan/2024 12:31:44] "[36mGET /static/people/person3.jpg HTTP/1.1[0m" 304 -

INFO 2024-01-05 12:31:44,066 [werkzeug:_internal.py:_log:96]
127.0.0.1 - - [05/Jan/2024 12:31:44] "[36mGET /static/people/person4.jpg HTTP/1.1[0m" 304 -

INFO 2024-01-05 12:31:46,353 [werkzeug:_internal.py:_log:96]
127.0.0.1 - - [05/Jan/2024 12:31:46] "[33mPOST /delete/people/person2.jpg HTTP/1.1[0m" 404 -

INFO 2024-01-05 12:32:48,950 [werkzeug:_internal.py:_log:96]
 * Detected change in '/home/oliver/Documents/github/DoorCam/doorcam/app.py', reloading

INFO 2024-01-05 12:32:49,487 [werkzeug:_internal.py:_log:96]
 * Restarting with stat

INFO 2024-01-05 12:32:51,983 [root:models.py:get_backbone:46]
Loading ResNet50 Backbone

INFO 2024-01-05 12:32:52,266 [root:models.py:get_aggregation:89]
Loading GEM Aggregation

INFO 2024-01-05 12:32:52,369 [root:train.py:__init__:70]
Feature Dim Is: 2048

INFO 2024-01-05 12:32:52,426 [root:predict.py:__init__:57]
Loading FaceID Model Checkpoint

INFO 2024-01-05 12:32:52,427 [root:predict.py:load_id_database:98]
Loaded 3 identifications

WARNING 2024-01-05 12:32:52,564 [werkzeug:_internal.py:_log:96]
 * Debugger is active!

INFO 2024-01-05 12:32:52,565 [werkzeug:_internal.py:_log:96]
 * Debugger PIN: 135-347-301

INFO 2024-01-05 12:33:01,014 [werkzeug:_internal.py:_log:96]
127.0.0.1 - - [05/Jan/2024 12:33:01] "GET / HTTP/1.1" 200 -

INFO 2024-01-05 12:33:01,053 [werkzeug:_internal.py:_log:96]
127.0.0.1 - - [05/Jan/2024 12:33:01] "[36mGET /static/people/person2.jpg HTTP/1.1[0m" 304 -

INFO 2024-01-05 12:33:01,054 [werkzeug:_internal.py:_log:96]
127.0.0.1 - - [05/Jan/2024 12:33:01] "[36mGET /static/people/person3.jpg HTTP/1.1[0m" 304 -

INFO 2024-01-05 12:33:01,055 [werkzeug:_internal.py:_log:96]
127.0.0.1 - - [05/Jan/2024 12:33:01] "[36mGET /static/people/person4.jpg HTTP/1.1[0m" 304 -

INFO 2024-01-05 12:33:12,173 [werkzeug:_internal.py:_log:96]
127.0.0.1 - - [05/Jan/2024 12:33:12] "GET / HTTP/1.1" 200 -

INFO 2024-01-05 12:33:12,204 [werkzeug:_internal.py:_log:96]
127.0.0.1 - - [05/Jan/2024 12:33:12] "[36mGET /static/people/person2.jpg HTTP/1.1[0m" 304 -

INFO 2024-01-05 12:33:12,206 [werkzeug:_internal.py:_log:96]
127.0.0.1 - - [05/Jan/2024 12:33:12] "[36mGET /static/people/person3.jpg HTTP/1.1[0m" 304 -

INFO 2024-01-05 12:33:12,207 [werkzeug:_internal.py:_log:96]
127.0.0.1 - - [05/Jan/2024 12:33:12] "[36mGET /static/people/person4.jpg HTTP/1.1[0m" 304 -

INFO 2024-01-05 12:33:14,420 [werkzeug:_internal.py:_log:96]
127.0.0.1 - - [05/Jan/2024 12:33:14] "[33mPOST /delete/people/person2.jpg HTTP/1.1[0m" 404 -

INFO 2024-01-05 12:33:33,184 [werkzeug:_internal.py:_log:96]
127.0.0.1 - - [05/Jan/2024 12:33:33] "GET / HTTP/1.1" 200 -

INFO 2024-01-05 12:33:33,215 [werkzeug:_internal.py:_log:96]
127.0.0.1 - - [05/Jan/2024 12:33:33] "[36mGET /static/people/person3.jpg HTTP/1.1[0m" 304 -

INFO 2024-01-05 12:33:33,216 [werkzeug:_internal.py:_log:96]
127.0.0.1 - - [05/Jan/2024 12:33:33] "[36mGET /static/people/person2.jpg HTTP/1.1[0m" 304 -

INFO 2024-01-05 12:33:33,217 [werkzeug:_internal.py:_log:96]
127.0.0.1 - - [05/Jan/2024 12:33:33] "[36mGET /static/people/person4.jpg HTTP/1.1[0m" 304 -

INFO 2024-01-05 12:34:21,267 [werkzeug:_internal.py:_log:96]
 * Detected change in '/home/oliver/Documents/github/DoorCam/doorcam/app.py', reloading

INFO 2024-01-05 12:34:21,821 [werkzeug:_internal.py:_log:96]
 * Restarting with stat

INFO 2024-01-05 12:34:31,353 [root:models.py:get_backbone:46]
Loading ResNet50 Backbone

INFO 2024-01-05 12:34:31,632 [root:models.py:get_aggregation:89]
Loading GEM Aggregation

INFO 2024-01-05 12:34:31,731 [root:train.py:__init__:70]
Feature Dim Is: 2048

INFO 2024-01-05 12:34:31,787 [root:predict.py:__init__:57]
Loading FaceID Model Checkpoint

INFO 2024-01-05 12:34:31,788 [root:predict.py:load_id_database:98]
Loaded 3 identifications

INFO 2024-01-05 12:34:31,927 [werkzeug:_internal.py:_log:96]
[31m[1mWARNING: This is a development server. Do not use it in a production deployment. Use a production WSGI server instead.[0m
 * Running on http://127.0.0.1:5000

INFO 2024-01-05 12:34:31,929 [werkzeug:_internal.py:_log:96]
[33mPress CTRL+C to quit[0m

INFO 2024-01-05 12:34:31,929 [werkzeug:_internal.py:_log:96]
 * Restarting with stat

INFO 2024-01-05 12:34:34,397 [root:models.py:get_backbone:46]
Loading ResNet50 Backbone

INFO 2024-01-05 12:34:34,681 [root:models.py:get_aggregation:89]
Loading GEM Aggregation

INFO 2024-01-05 12:34:34,783 [root:train.py:__init__:70]
Feature Dim Is: 2048

INFO 2024-01-05 12:34:34,840 [root:predict.py:__init__:57]
Loading FaceID Model Checkpoint

INFO 2024-01-05 12:34:34,841 [root:predict.py:load_id_database:98]
Loaded 3 identifications

WARNING 2024-01-05 12:34:35,000 [werkzeug:_internal.py:_log:96]
 * Debugger is active!

INFO 2024-01-05 12:34:35,001 [werkzeug:_internal.py:_log:96]
 * Debugger PIN: 135-347-301

INFO 2024-01-05 12:34:37,099 [werkzeug:_internal.py:_log:96]
127.0.0.1 - - [05/Jan/2024 12:34:37] "GET / HTTP/1.1" 200 -

INFO 2024-01-05 12:34:37,136 [werkzeug:_internal.py:_log:96]
127.0.0.1 - - [05/Jan/2024 12:34:37] "[36mGET /static/people/person2.jpg HTTP/1.1[0m" 304 -

INFO 2024-01-05 12:34:37,138 [werkzeug:_internal.py:_log:96]
127.0.0.1 - - [05/Jan/2024 12:34:37] "[36mGET /static/people/person3.jpg HTTP/1.1[0m" 304 -

INFO 2024-01-05 12:34:37,139 [werkzeug:_internal.py:_log:96]
127.0.0.1 - - [05/Jan/2024 12:34:37] "[36mGET /static/people/person4.jpg HTTP/1.1[0m" 304 -

INFO 2024-01-05 12:34:39,177 [werkzeug:_internal.py:_log:96]
127.0.0.1 - - [05/Jan/2024 12:34:39] "[33mPOST /delete/people/person2.jpg HTTP/1.1[0m" 404 -

INFO 2024-01-05 12:35:26,623 [werkzeug:_internal.py:_log:96]
 * Detected change in '/home/oliver/Documents/github/DoorCam/doorcam/app.py', reloading

INFO 2024-01-05 12:35:27,128 [werkzeug:_internal.py:_log:96]
 * Restarting with stat

INFO 2024-01-05 12:35:29,631 [root:models.py:get_backbone:46]
Loading ResNet50 Backbone

INFO 2024-01-05 12:35:29,910 [root:models.py:get_aggregation:89]
Loading GEM Aggregation

INFO 2024-01-05 12:35:30,010 [root:train.py:__init__:70]
Feature Dim Is: 2048

INFO 2024-01-05 12:35:30,065 [root:predict.py:__init__:57]
Loading FaceID Model Checkpoint

INFO 2024-01-05 12:35:30,066 [root:predict.py:load_id_database:98]
Loaded 3 identifications

WARNING 2024-01-05 12:35:30,204 [werkzeug:_internal.py:_log:96]
 * Debugger is active!

INFO 2024-01-05 12:35:30,205 [werkzeug:_internal.py:_log:96]
 * Debugger PIN: 135-347-301

INFO 2024-01-05 12:36:26,449 [root:models.py:get_backbone:46]
Loading ResNet50 Backbone

INFO 2024-01-05 12:36:26,744 [root:models.py:get_aggregation:89]
Loading GEM Aggregation

INFO 2024-01-05 12:36:26,847 [root:train.py:__init__:70]
Feature Dim Is: 2048

INFO 2024-01-05 12:36:26,903 [root:predict.py:__init__:57]
Loading FaceID Model Checkpoint

INFO 2024-01-05 12:36:26,904 [root:predict.py:load_id_database:98]
Loaded 3 identifications

INFO 2024-01-05 12:36:27,061 [werkzeug:_internal.py:_log:96]
[31m[1mWARNING: This is a development server. Do not use it in a production deployment. Use a production WSGI server instead.[0m
 * Running on http://127.0.0.1:5000

INFO 2024-01-05 12:36:27,063 [werkzeug:_internal.py:_log:96]
[33mPress CTRL+C to quit[0m

INFO 2024-01-05 12:36:27,064 [werkzeug:_internal.py:_log:96]
 * Restarting with stat

INFO 2024-01-05 12:36:29,592 [root:models.py:get_backbone:46]
Loading ResNet50 Backbone

INFO 2024-01-05 12:36:29,872 [root:models.py:get_aggregation:89]
Loading GEM Aggregation

INFO 2024-01-05 12:36:29,973 [root:train.py:__init__:70]
Feature Dim Is: 2048

INFO 2024-01-05 12:36:30,029 [root:predict.py:__init__:57]
Loading FaceID Model Checkpoint

INFO 2024-01-05 12:36:30,030 [root:predict.py:load_id_database:98]
Loaded 3 identifications

WARNING 2024-01-05 12:36:30,166 [werkzeug:_internal.py:_log:96]
 * Debugger is active!

INFO 2024-01-05 12:36:30,167 [werkzeug:_internal.py:_log:96]
 * Debugger PIN: 135-347-301

INFO 2024-01-05 12:36:30,206 [werkzeug:_internal.py:_log:96]
127.0.0.1 - - [05/Jan/2024 12:36:30] "GET / HTTP/1.1" 200 -

INFO 2024-01-05 12:36:30,238 [werkzeug:_internal.py:_log:96]
127.0.0.1 - - [05/Jan/2024 12:36:30] "[36mGET /static/people/person2.jpg HTTP/1.1[0m" 304 -

INFO 2024-01-05 12:36:30,240 [werkzeug:_internal.py:_log:96]
127.0.0.1 - - [05/Jan/2024 12:36:30] "[36mGET /static/people/person4.jpg HTTP/1.1[0m" 304 -

INFO 2024-01-05 12:36:30,241 [werkzeug:_internal.py:_log:96]
127.0.0.1 - - [05/Jan/2024 12:36:30] "[36mGET /static/people/person3.jpg HTTP/1.1[0m" 304 -

INFO 2024-01-05 12:36:32,346 [werkzeug:_internal.py:_log:96]
127.0.0.1 - - [05/Jan/2024 12:36:32] "[33mPOST /delete/people%2Fperson2.jpg HTTP/1.1[0m" 404 -

INFO 2024-01-05 12:36:36,185 [werkzeug:_internal.py:_log:96]
127.0.0.1 - - [05/Jan/2024 12:36:36] "[33mPOST /delete/people%2Fperson2.jpg HTTP/1.1[0m" 404 -

INFO 2024-01-05 12:37:21,771 [werkzeug:_internal.py:_log:96]
 * Detected change in '/home/oliver/Documents/github/DoorCam/doorcam/app.py', reloading

INFO 2024-01-05 12:37:22,284 [werkzeug:_internal.py:_log:96]
 * Restarting with stat

INFO 2024-01-05 12:37:24,738 [root:models.py:get_backbone:46]
Loading ResNet50 Backbone

INFO 2024-01-05 12:37:25,020 [root:models.py:get_aggregation:89]
Loading GEM Aggregation

INFO 2024-01-05 12:37:25,121 [root:train.py:__init__:70]
Feature Dim Is: 2048

INFO 2024-01-05 12:37:25,175 [root:predict.py:__init__:57]
Loading FaceID Model Checkpoint

INFO 2024-01-05 12:37:25,176 [root:predict.py:load_id_database:98]
Loaded 3 identifications

WARNING 2024-01-05 12:37:25,315 [werkzeug:_internal.py:_log:96]
 * Debugger is active!

INFO 2024-01-05 12:37:25,316 [werkzeug:_internal.py:_log:96]
 * Debugger PIN: 135-347-301

INFO 2024-01-05 12:38:42,695 [werkzeug:_internal.py:_log:96]
 * Detected change in '/home/oliver/Documents/github/DoorCam/doorcam/app.py', reloading

INFO 2024-01-05 12:38:43,240 [werkzeug:_internal.py:_log:96]
 * Restarting with stat

INFO 2024-01-05 12:38:45,691 [root:models.py:get_backbone:46]
Loading ResNet50 Backbone

INFO 2024-01-05 12:38:45,975 [root:models.py:get_aggregation:89]
Loading GEM Aggregation

INFO 2024-01-05 12:38:46,080 [root:train.py:__init__:70]
Feature Dim Is: 2048

INFO 2024-01-05 12:38:46,139 [root:predict.py:__init__:57]
Loading FaceID Model Checkpoint

INFO 2024-01-05 12:38:46,140 [root:predict.py:load_id_database:98]
Loaded 3 identifications

WARNING 2024-01-05 12:38:46,304 [werkzeug:_internal.py:_log:96]
 * Debugger is active!

INFO 2024-01-05 12:38:46,305 [werkzeug:_internal.py:_log:96]
 * Debugger PIN: 135-347-301

INFO 2024-01-05 12:39:14,848 [root:models.py:get_backbone:46]
Loading ResNet50 Backbone

INFO 2024-01-05 12:39:15,119 [root:models.py:get_aggregation:89]
Loading GEM Aggregation

INFO 2024-01-05 12:39:15,207 [root:train.py:__init__:70]
Feature Dim Is: 2048

INFO 2024-01-05 12:39:15,263 [root:predict.py:__init__:57]
Loading FaceID Model Checkpoint

INFO 2024-01-05 12:39:15,264 [root:predict.py:load_id_database:98]
Loaded 3 identifications

INFO 2024-01-05 12:39:15,384 [werkzeug:_internal.py:_log:96]
[31m[1mWARNING: This is a development server. Do not use it in a production deployment. Use a production WSGI server instead.[0m
 * Running on http://127.0.0.1:5000

INFO 2024-01-05 12:39:15,385 [werkzeug:_internal.py:_log:96]
[33mPress CTRL+C to quit[0m

INFO 2024-01-05 12:39:15,386 [werkzeug:_internal.py:_log:96]
 * Restarting with stat

INFO 2024-01-05 12:39:17,860 [root:models.py:get_backbone:46]
Loading ResNet50 Backbone

INFO 2024-01-05 12:39:18,142 [root:models.py:get_aggregation:89]
Loading GEM Aggregation

INFO 2024-01-05 12:39:18,249 [root:train.py:__init__:70]
Feature Dim Is: 2048

INFO 2024-01-05 12:39:18,311 [root:predict.py:__init__:57]
Loading FaceID Model Checkpoint

INFO 2024-01-05 12:39:18,312 [root:predict.py:load_id_database:98]
Loaded 3 identifications

WARNING 2024-01-05 12:39:18,468 [werkzeug:_internal.py:_log:96]
 * Debugger is active!

INFO 2024-01-05 12:39:18,469 [werkzeug:_internal.py:_log:96]
 * Debugger PIN: 135-347-301

INFO 2024-01-05 12:39:18,509 [werkzeug:_internal.py:_log:96]
127.0.0.1 - - [05/Jan/2024 12:39:18] "GET / HTTP/1.1" 200 -

INFO 2024-01-05 12:39:18,540 [werkzeug:_internal.py:_log:96]
127.0.0.1 - - [05/Jan/2024 12:39:18] "[36mGET /static/people/person4.jpg HTTP/1.1[0m" 304 -

INFO 2024-01-05 12:39:18,540 [werkzeug:_internal.py:_log:96]
127.0.0.1 - - [05/Jan/2024 12:39:18] "[36mGET /static/people/person2.jpg HTTP/1.1[0m" 304 -

INFO 2024-01-05 12:39:18,543 [werkzeug:_internal.py:_log:96]
127.0.0.1 - - [05/Jan/2024 12:39:18] "[36mGET /static/people/person3.jpg HTTP/1.1[0m" 304 -

INFO 2024-01-05 12:39:21,820 [werkzeug:_internal.py:_log:96]
127.0.0.1 - - [05/Jan/2024 12:39:21] "[33mPOST /delete/people%2Fperson2.jpg HTTP/1.1[0m" 404 -

INFO 2024-01-05 12:39:25,593 [werkzeug:_internal.py:_log:96]
127.0.0.1 - - [05/Jan/2024 12:39:25] "[33mPOST /delete/people%2Fperson2.jpg HTTP/1.1[0m" 404 -

INFO 2024-01-05 12:39:33,601 [werkzeug:_internal.py:_log:96]
127.0.0.1 - - [05/Jan/2024 12:39:33] "GET / HTTP/1.1" 200 -

INFO 2024-01-05 12:39:33,631 [werkzeug:_internal.py:_log:96]
127.0.0.1 - - [05/Jan/2024 12:39:33] "[36mGET /static/people/person2.jpg HTTP/1.1[0m" 304 -

INFO 2024-01-05 12:39:33,632 [werkzeug:_internal.py:_log:96]
127.0.0.1 - - [05/Jan/2024 12:39:33] "[36mGET /static/people/person4.jpg HTTP/1.1[0m" 304 -

INFO 2024-01-05 12:39:33,632 [werkzeug:_internal.py:_log:96]
127.0.0.1 - - [05/Jan/2024 12:39:33] "[36mGET /static/people/person3.jpg HTTP/1.1[0m" 304 -

INFO 2024-01-05 12:39:41,222 [werkzeug:_internal.py:_log:96]
 * Detected change in '/home/oliver/Documents/github/DoorCam/doorcam/app.py', reloading

INFO 2024-01-05 12:39:41,738 [werkzeug:_internal.py:_log:96]
 * Restarting with stat

INFO 2024-01-05 12:39:44,237 [root:models.py:get_backbone:46]
Loading ResNet50 Backbone

INFO 2024-01-05 12:39:44,519 [root:models.py:get_aggregation:89]
Loading GEM Aggregation

INFO 2024-01-05 12:39:44,619 [root:train.py:__init__:70]
Feature Dim Is: 2048

INFO 2024-01-05 12:39:44,675 [root:predict.py:__init__:57]
Loading FaceID Model Checkpoint

INFO 2024-01-05 12:39:44,676 [root:predict.py:load_id_database:98]
Loaded 3 identifications

WARNING 2024-01-05 12:39:44,811 [werkzeug:_internal.py:_log:96]
 * Debugger is active!

INFO 2024-01-05 12:39:44,812 [werkzeug:_internal.py:_log:96]
 * Debugger PIN: 135-347-301

INFO 2024-01-05 12:39:53,005 [werkzeug:_internal.py:_log:96]
127.0.0.1 - - [05/Jan/2024 12:39:53] "GET / HTTP/1.1" 200 -

INFO 2024-01-05 12:39:53,029 [werkzeug:_internal.py:_log:96]
127.0.0.1 - - [05/Jan/2024 12:39:53] "[36mGET /static/people/person3.jpg HTTP/1.1[0m" 304 -

INFO 2024-01-05 12:39:53,030 [werkzeug:_internal.py:_log:96]
127.0.0.1 - - [05/Jan/2024 12:39:53] "[36mGET /static/people/person2.jpg HTTP/1.1[0m" 304 -

INFO 2024-01-05 12:39:53,033 [werkzeug:_internal.py:_log:96]
127.0.0.1 - - [05/Jan/2024 12:39:53] "[36mGET /static/people/person4.jpg HTTP/1.1[0m" 304 -

INFO 2024-01-05 12:39:55,775 [werkzeug:_internal.py:_log:96]
127.0.0.1 - - [05/Jan/2024 12:39:55] "[35m[1mPOST /delete/people%2Fperson2.jpg HTTP/1.1[0m" 500 -

INFO 2024-01-05 12:39:59,306 [werkzeug:_internal.py:_log:96]
127.0.0.1 - - [05/Jan/2024 12:39:59] "[35m[1mPOST /delete/people%2Fperson2.jpg HTTP/1.1[0m" 500 -

INFO 2024-01-05 12:40:13,723 [werkzeug:_internal.py:_log:96]
 * Detected change in '/home/oliver/Documents/github/DoorCam/doorcam/app.py', reloading

INFO 2024-01-05 12:40:14,272 [werkzeug:_internal.py:_log:96]
 * Restarting with stat

INFO 2024-01-05 12:40:19,557 [root:models.py:get_backbone:46]
Loading ResNet50 Backbone

INFO 2024-01-05 12:40:19,838 [root:models.py:get_aggregation:89]
Loading GEM Aggregation

INFO 2024-01-05 12:40:19,964 [root:train.py:__init__:70]
Feature Dim Is: 2048

INFO 2024-01-05 12:40:20,019 [root:predict.py:__init__:57]
Loading FaceID Model Checkpoint

INFO 2024-01-05 12:40:20,020 [root:predict.py:load_id_database:98]
Loaded 3 identifications

INFO 2024-01-05 12:40:20,179 [werkzeug:_internal.py:_log:96]
[31m[1mWARNING: This is a development server. Do not use it in a production deployment. Use a production WSGI server instead.[0m
 * Running on http://127.0.0.1:5000

INFO 2024-01-05 12:40:20,180 [werkzeug:_internal.py:_log:96]
[33mPress CTRL+C to quit[0m

INFO 2024-01-05 12:40:20,181 [werkzeug:_internal.py:_log:96]
 * Restarting with stat

INFO 2024-01-05 12:40:22,701 [root:models.py:get_backbone:46]
Loading ResNet50 Backbone

INFO 2024-01-05 12:40:22,984 [root:models.py:get_aggregation:89]
Loading GEM Aggregation

INFO 2024-01-05 12:40:23,087 [root:train.py:__init__:70]
Feature Dim Is: 2048

INFO 2024-01-05 12:40:23,145 [root:predict.py:__init__:57]
Loading FaceID Model Checkpoint

INFO 2024-01-05 12:40:23,146 [root:predict.py:load_id_database:98]
Loaded 3 identifications

WARNING 2024-01-05 12:40:23,304 [werkzeug:_internal.py:_log:96]
 * Debugger is active!

INFO 2024-01-05 12:40:23,305 [werkzeug:_internal.py:_log:96]
 * Debugger PIN: 135-347-301

INFO 2024-01-05 12:40:23,345 [werkzeug:_internal.py:_log:96]
127.0.0.1 - - [05/Jan/2024 12:40:23] "GET / HTTP/1.1" 200 -

INFO 2024-01-05 12:40:23,373 [werkzeug:_internal.py:_log:96]
127.0.0.1 - - [05/Jan/2024 12:40:23] "[36mGET /static/people/person2.jpg HTTP/1.1[0m" 304 -

INFO 2024-01-05 12:40:23,378 [werkzeug:_internal.py:_log:96]
127.0.0.1 - - [05/Jan/2024 12:40:23] "[36mGET /static/people/person3.jpg HTTP/1.1[0m" 304 -

INFO 2024-01-05 12:40:23,379 [werkzeug:_internal.py:_log:96]
127.0.0.1 - - [05/Jan/2024 12:40:23] "[36mGET /static/people/person4.jpg HTTP/1.1[0m" 304 -

INFO 2024-01-05 12:40:25,549 [werkzeug:_internal.py:_log:96]
127.0.0.1 - - [05/Jan/2024 12:40:25] "[33mPOST /delete/people%2Fperson2.jpg HTTP/1.1[0m" 404 -

INFO 2024-01-05 12:41:32,396 [werkzeug:_internal.py:_log:96]
 * Detected change in '/home/oliver/Documents/github/DoorCam/doorcam/app.py', reloading

INFO 2024-01-05 12:41:32,895 [werkzeug:_internal.py:_log:96]
 * Restarting with stat

INFO 2024-01-05 12:41:35,399 [root:models.py:get_backbone:46]
Loading ResNet50 Backbone

INFO 2024-01-05 12:41:35,679 [root:models.py:get_aggregation:89]
Loading GEM Aggregation

INFO 2024-01-05 12:41:35,778 [root:train.py:__init__:70]
Feature Dim Is: 2048

INFO 2024-01-05 12:41:35,834 [root:predict.py:__init__:57]
Loading FaceID Model Checkpoint

INFO 2024-01-05 12:41:35,835 [root:predict.py:load_id_database:98]
Loaded 3 identifications

WARNING 2024-01-05 12:41:35,981 [werkzeug:_internal.py:_log:96]
 * Debugger is active!

INFO 2024-01-05 12:41:35,982 [werkzeug:_internal.py:_log:96]
 * Debugger PIN: 135-347-301

INFO 2024-01-05 12:41:42,191 [root:models.py:get_backbone:46]
Loading ResNet50 Backbone

INFO 2024-01-05 12:41:42,472 [root:models.py:get_aggregation:89]
Loading GEM Aggregation

INFO 2024-01-05 12:41:42,572 [root:train.py:__init__:70]
Feature Dim Is: 2048

INFO 2024-01-05 12:41:42,634 [root:predict.py:__init__:57]
Loading FaceID Model Checkpoint

INFO 2024-01-05 12:41:42,635 [root:predict.py:load_id_database:98]
Loaded 3 identifications

INFO 2024-01-05 12:41:42,789 [werkzeug:_internal.py:_log:96]
[31m[1mWARNING: This is a development server. Do not use it in a production deployment. Use a production WSGI server instead.[0m
 * Running on http://127.0.0.1:5000

INFO 2024-01-05 12:41:42,791 [werkzeug:_internal.py:_log:96]
[33mPress CTRL+C to quit[0m

INFO 2024-01-05 12:41:42,792 [werkzeug:_internal.py:_log:96]
 * Restarting with stat

INFO 2024-01-05 12:41:45,246 [root:models.py:get_backbone:46]
Loading ResNet50 Backbone

INFO 2024-01-05 12:41:45,534 [root:models.py:get_aggregation:89]
Loading GEM Aggregation

INFO 2024-01-05 12:41:45,641 [root:train.py:__init__:70]
Feature Dim Is: 2048

INFO 2024-01-05 12:41:45,698 [root:predict.py:__init__:57]
Loading FaceID Model Checkpoint

INFO 2024-01-05 12:41:45,699 [root:predict.py:load_id_database:98]
Loaded 3 identifications

WARNING 2024-01-05 12:41:45,864 [werkzeug:_internal.py:_log:96]
 * Debugger is active!

INFO 2024-01-05 12:41:45,866 [werkzeug:_internal.py:_log:96]
 * Debugger PIN: 135-347-301

INFO 2024-01-05 12:41:45,906 [werkzeug:_internal.py:_log:96]
127.0.0.1 - - [05/Jan/2024 12:41:45] "GET / HTTP/1.1" 200 -

INFO 2024-01-05 12:41:45,930 [werkzeug:_internal.py:_log:96]
127.0.0.1 - - [05/Jan/2024 12:41:45] "[36mGET /static/people/person2.jpg HTTP/1.1[0m" 304 -

INFO 2024-01-05 12:41:45,932 [werkzeug:_internal.py:_log:96]
127.0.0.1 - - [05/Jan/2024 12:41:45] "[36mGET /static/people/person3.jpg HTTP/1.1[0m" 304 -

INFO 2024-01-05 12:41:45,933 [werkzeug:_internal.py:_log:96]
127.0.0.1 - - [05/Jan/2024 12:41:45] "[36mGET /static/people/person4.jpg HTTP/1.1[0m" 304 -

INFO 2024-01-05 12:41:48,013 [werkzeug:_internal.py:_log:96]
127.0.0.1 - - [05/Jan/2024 12:41:48] "POST /delete/people%2Fperson2.jpg HTTP/1.1" 200 -

INFO 2024-01-05 12:41:49,592 [werkzeug:_internal.py:_log:96]
127.0.0.1 - - [05/Jan/2024 12:41:49] "GET / HTTP/1.1" 200 -

INFO 2024-01-05 12:41:49,617 [werkzeug:_internal.py:_log:96]
127.0.0.1 - - [05/Jan/2024 12:41:49] "[36mGET /static/people/person3.jpg HTTP/1.1[0m" 304 -

INFO 2024-01-05 12:41:49,618 [werkzeug:_internal.py:_log:96]
127.0.0.1 - - [05/Jan/2024 12:41:49] "[36mGET /static/people/person4.jpg HTTP/1.1[0m" 304 -

INFO 2024-01-05 12:42:16,767 [root:models.py:get_backbone:46]
Loading ResNet50 Backbone

INFO 2024-01-05 12:42:17,046 [root:models.py:get_aggregation:89]
Loading GEM Aggregation

INFO 2024-01-05 12:42:17,147 [root:train.py:__init__:70]
Feature Dim Is: 2048

INFO 2024-01-05 12:42:17,202 [root:predict.py:__init__:57]
Loading FaceID Model Checkpoint

INFO 2024-01-05 12:42:17,203 [root:predict.py:load_id_database:98]
Loaded 2 identifications

INFO 2024-01-05 12:42:17,302 [werkzeug:_internal.py:_log:96]
[31m[1mWARNING: This is a development server. Do not use it in a production deployment. Use a production WSGI server instead.[0m
 * Running on http://127.0.0.1:5000

INFO 2024-01-05 12:42:17,303 [werkzeug:_internal.py:_log:96]
[33mPress CTRL+C to quit[0m

INFO 2024-01-05 12:42:17,304 [werkzeug:_internal.py:_log:96]
 * Restarting with stat

INFO 2024-01-05 12:42:19,785 [root:models.py:get_backbone:46]
Loading ResNet50 Backbone

INFO 2024-01-05 12:42:20,064 [root:models.py:get_aggregation:89]
Loading GEM Aggregation

INFO 2024-01-05 12:42:20,162 [root:train.py:__init__:70]
Feature Dim Is: 2048

INFO 2024-01-05 12:42:20,220 [root:predict.py:__init__:57]
Loading FaceID Model Checkpoint

INFO 2024-01-05 12:42:20,221 [root:predict.py:load_id_database:98]
Loaded 2 identifications

WARNING 2024-01-05 12:42:20,319 [werkzeug:_internal.py:_log:96]
 * Debugger is active!

INFO 2024-01-05 12:42:20,320 [werkzeug:_internal.py:_log:96]
 * Debugger PIN: 135-347-301

INFO 2024-01-05 12:42:20,364 [werkzeug:_internal.py:_log:96]
127.0.0.1 - - [05/Jan/2024 12:42:20] "GET / HTTP/1.1" 200 -

INFO 2024-01-05 12:42:20,396 [werkzeug:_internal.py:_log:96]
127.0.0.1 - - [05/Jan/2024 12:42:20] "[36mGET /static/people/person4.jpg HTTP/1.1[0m" 304 -

INFO 2024-01-05 12:42:20,397 [werkzeug:_internal.py:_log:96]
127.0.0.1 - - [05/Jan/2024 12:42:20] "[36mGET /static/people/person3.jpg HTTP/1.1[0m" 304 -

INFO 2024-01-05 12:42:29,367 [werkzeug:_internal.py:_log:96]
127.0.0.1 - - [05/Jan/2024 12:42:29] "POST /upload HTTP/1.1" 200 -

INFO 2024-01-05 12:42:35,111 [werkzeug:_internal.py:_log:96]
127.0.0.1 - - [05/Jan/2024 12:42:35] "GET / HTTP/1.1" 200 -

INFO 2024-01-05 12:42:35,138 [werkzeug:_internal.py:_log:96]
127.0.0.1 - - [05/Jan/2024 12:42:35] "[36mGET /static/people/person3.jpg HTTP/1.1[0m" 304 -

INFO 2024-01-05 12:42:35,140 [werkzeug:_internal.py:_log:96]
127.0.0.1 - - [05/Jan/2024 12:42:35] "[36mGET /static/people/person4.jpg HTTP/1.1[0m" 304 -

INFO 2024-01-05 12:42:58,527 [werkzeug:_internal.py:_log:96]
 * Detected change in '/home/oliver/Documents/github/DoorCam/doorcam/app.py', reloading

INFO 2024-01-05 12:42:59,092 [werkzeug:_internal.py:_log:96]
 * Restarting with stat

INFO 2024-01-05 12:43:01,574 [root:models.py:get_backbone:46]
Loading ResNet50 Backbone

INFO 2024-01-05 12:43:01,857 [root:models.py:get_aggregation:89]
Loading GEM Aggregation

INFO 2024-01-05 12:43:01,958 [root:train.py:__init__:70]
Feature Dim Is: 2048

INFO 2024-01-05 12:43:02,018 [root:predict.py:__init__:57]
Loading FaceID Model Checkpoint

INFO 2024-01-05 12:43:02,019 [root:predict.py:load_id_database:98]
Loaded 2 identifications

WARNING 2024-01-05 12:43:02,134 [werkzeug:_internal.py:_log:96]
 * Debugger is active!

INFO 2024-01-05 12:43:02,136 [werkzeug:_internal.py:_log:96]
 * Debugger PIN: 135-347-301

INFO 2024-01-05 12:43:08,967 [werkzeug:_internal.py:_log:96]
127.0.0.1 - - [05/Jan/2024 12:43:08] "POST /upload HTTP/1.1" 200 -

INFO 2024-01-05 12:43:12,357 [werkzeug:_internal.py:_log:96]
127.0.0.1 - - [05/Jan/2024 12:43:12] "GET / HTTP/1.1" 200 -

INFO 2024-01-05 12:43:12,378 [werkzeug:_internal.py:_log:96]
127.0.0.1 - - [05/Jan/2024 12:43:12] "GET /static/people/Screenshot_from_2023-11-01_13-20-34.png HTTP/1.1" 200 -

INFO 2024-01-05 12:43:12,388 [werkzeug:_internal.py:_log:96]
127.0.0.1 - - [05/Jan/2024 12:43:12] "[36mGET /static/people/person3.jpg HTTP/1.1[0m" 304 -

INFO 2024-01-05 12:43:12,389 [werkzeug:_internal.py:_log:96]
127.0.0.1 - - [05/Jan/2024 12:43:12] "[36mGET /static/people/person4.jpg HTTP/1.1[0m" 304 -

INFO 2024-01-05 12:43:20,565 [werkzeug:_internal.py:_log:96]
127.0.0.1 - - [05/Jan/2024 12:43:20] "POST /delete/people%2Fperson3.jpg HTTP/1.1" 200 -

INFO 2024-01-05 12:43:21,944 [werkzeug:_internal.py:_log:96]
127.0.0.1 - - [05/Jan/2024 12:43:21] "POST /delete/people%2FScreenshot_from_2023-11-01_13-20-34.png HTTP/1.1" 200 -

INFO 2024-01-05 12:43:23,265 [werkzeug:_internal.py:_log:96]
127.0.0.1 - - [05/Jan/2024 12:43:23] "POST /delete/people%2Fperson4.jpg HTTP/1.1" 200 -

INFO 2024-01-05 12:43:35,787 [root:models.py:get_backbone:46]
Loading ResNet50 Backbone

INFO 2024-01-05 12:43:36,112 [root:models.py:get_backbone:28]
Loading ResNet18 Backbone

INFO 2024-01-05 12:43:36,279 [root:models.py:get_backbone:46]
Loading ResNet50 Backbone

INFO 2024-01-05 12:43:36,624 [root:models.py:get_aggregation:79]
Loading MAC Aggregation

INFO 2024-01-05 12:43:36,628 [root:models.py:get_aggregation:84]
Loading SPOC Aggregation

INFO 2024-01-05 12:43:36,631 [root:models.py:get_aggregation:89]
Loading GEM Aggregation

INFO 2024-01-05 12:43:36,634 [root:models.py:get_backbone:46]
Loading ResNet50 Backbone

INFO 2024-01-05 12:43:36,927 [root:models.py:get_aggregation:89]
Loading GEM Aggregation

INFO 2024-01-05 12:43:36,993 [root:models.py:get_backbone:46]
Loading ResNet50 Backbone

INFO 2024-01-05 12:43:37,241 [root:models.py:get_aggregation:89]
Loading GEM Aggregation

INFO 2024-01-05 12:43:37,300 [root:models.py:get_backbone:46]
Loading ResNet50 Backbone

INFO 2024-01-05 12:43:37,543 [root:models.py:get_aggregation:89]
Loading GEM Aggregation

INFO 2024-01-05 12:43:37,610 [root:models.py:get_backbone:46]
Loading ResNet50 Backbone

INFO 2024-01-05 12:43:37,896 [root:models.py:get_aggregation:89]
Loading GEM Aggregation

INFO 2024-01-05 12:43:37,959 [root:models.py:get_backbone:46]
Loading ResNet50 Backbone

INFO 2024-01-05 12:43:38,210 [root:models.py:get_aggregation:89]
Loading GEM Aggregation

INFO 2024-01-05 12:43:38,269 [root:models.py:get_backbone:46]
Loading ResNet50 Backbone

INFO 2024-01-05 12:43:38,521 [root:models.py:get_aggregation:89]
Loading GEM Aggregation

INFO 2024-01-05 12:43:38,589 [root:models.py:get_backbone:46]
Loading ResNet50 Backbone

INFO 2024-01-05 12:43:38,877 [root:models.py:get_aggregation:89]
Loading GEM Aggregation

INFO 2024-01-05 12:43:38,996 [root:models.py:get_backbone:46]
Loading ResNet50 Backbone

INFO 2024-01-05 12:43:39,286 [root:models.py:get_aggregation:89]
Loading GEM Aggregation

INFO 2024-01-05 12:43:39,405 [root:models.py:get_backbone:46]
Loading ResNet50 Backbone

INFO 2024-01-05 12:43:39,692 [root:models.py:get_aggregation:89]
Loading GEM Aggregation

INFO 2024-01-05 12:43:39,802 [root:models.py:get_backbone:46]
Loading ResNet50 Backbone

INFO 2024-01-05 12:43:40,087 [root:models.py:get_aggregation:89]
Loading GEM Aggregation

INFO 2024-01-05 12:43:40,198 [root:models.py:get_backbone:46]
Loading ResNet50 Backbone

INFO 2024-01-05 12:43:40,482 [root:models.py:get_aggregation:89]
Loading GEM Aggregation

INFO 2024-01-05 12:43:40,593 [root:models.py:get_backbone:46]
Loading ResNet50 Backbone

INFO 2024-01-05 12:43:40,881 [root:models.py:get_aggregation:89]
Loading GEM Aggregation

INFO 2024-01-05 12:44:15,569 [root:models.py:get_backbone:46]
Loading ResNet50 Backbone

INFO 2024-01-05 12:44:15,848 [root:models.py:get_aggregation:89]
Loading GEM Aggregation

INFO 2024-01-05 12:44:15,947 [root:train.py:__init__:70]
Feature Dim Is: 2048

INFO 2024-01-05 12:44:16,011 [root:predict.py:__init__:57]
Loading FaceID Model Checkpoint

INFO 2024-01-05 12:44:16,012 [root:predict.py:load_id_database:98]
Loaded 0 identifications

INFO 2024-01-05 12:44:32,946 [root:models.py:get_backbone:46]
Loading ResNet50 Backbone

INFO 2024-01-05 12:44:33,224 [root:models.py:get_aggregation:89]
Loading GEM Aggregation

INFO 2024-01-05 12:44:33,325 [root:train.py:__init__:70]
Feature Dim Is: 2048

INFO 2024-01-05 12:44:33,383 [root:predict.py:__init__:57]
Loading FaceID Model Checkpoint

INFO 2024-01-05 12:44:33,384 [root:predict.py:load_id_database:98]
Loaded 0 identifications

INFO 2024-01-05 12:45:05,477 [root:models.py:get_backbone:46]
Loading ResNet50 Backbone

INFO 2024-01-05 12:45:05,755 [root:models.py:get_aggregation:89]
Loading GEM Aggregation

INFO 2024-01-05 12:45:05,855 [root:train.py:__init__:70]
Feature Dim Is: 2048

INFO 2024-01-05 12:45:05,910 [root:predict.py:__init__:57]
Loading FaceID Model Checkpoint

INFO 2024-01-05 12:45:05,911 [root:predict.py:load_id_database:98]
Loaded 0 identifications

INFO 2024-01-05 12:45:17,387 [root:models.py:get_backbone:46]
Loading ResNet50 Backbone

INFO 2024-01-05 12:45:17,666 [root:models.py:get_aggregation:89]
Loading GEM Aggregation

INFO 2024-01-05 12:45:17,764 [root:train.py:__init__:70]
Feature Dim Is: 2048

INFO 2024-01-05 12:45:17,820 [root:predict.py:__init__:57]
Loading FaceID Model Checkpoint

INFO 2024-01-05 12:45:17,821 [root:predict.py:load_id_database:99]
Loaded 0 identifications

INFO 2024-01-05 12:45:48,123 [root:models.py:get_backbone:46]
Loading ResNet50 Backbone

INFO 2024-01-05 12:45:48,404 [root:models.py:get_aggregation:89]
Loading GEM Aggregation

INFO 2024-01-05 12:45:48,504 [root:train.py:__init__:70]
Feature Dim Is: 2048

INFO 2024-01-05 12:45:48,560 [root:predict.py:__init__:57]
Loading FaceID Model Checkpoint

INFO 2024-01-05 12:45:48,561 [root:predict.py:load_id_database:100]
Loaded 0 identifications

INFO 2024-01-05 12:47:10,350 [root:models.py:get_backbone:46]
Loading ResNet50 Backbone

INFO 2024-01-05 12:47:10,627 [root:models.py:get_aggregation:89]
Loading GEM Aggregation

INFO 2024-01-05 12:47:10,727 [root:train.py:__init__:70]
Feature Dim Is: 2048

INFO 2024-01-05 12:47:10,783 [root:predict.py:__init__:57]
Loading FaceID Model Checkpoint

INFO 2024-01-05 12:47:10,784 [root:predict.py:load_id_database:100]
Loaded 1 identifications

INFO 2024-01-05 12:47:10,922 [werkzeug:_internal.py:_log:96]
[31m[1mWARNING: This is a development server. Do not use it in a production deployment. Use a production WSGI server instead.[0m
 * Running on http://127.0.0.1:5000

INFO 2024-01-05 12:47:10,923 [werkzeug:_internal.py:_log:96]
[33mPress CTRL+C to quit[0m

INFO 2024-01-05 12:47:10,924 [werkzeug:_internal.py:_log:96]
 * Restarting with stat

INFO 2024-01-05 12:47:13,357 [root:models.py:get_backbone:46]
Loading ResNet50 Backbone

INFO 2024-01-05 12:47:13,630 [root:models.py:get_aggregation:89]
Loading GEM Aggregation

INFO 2024-01-05 12:47:13,730 [root:train.py:__init__:70]
Feature Dim Is: 2048

INFO 2024-01-05 12:47:13,785 [root:predict.py:__init__:57]
Loading FaceID Model Checkpoint

INFO 2024-01-05 12:47:13,786 [root:predict.py:load_id_database:100]
Loaded 1 identifications

WARNING 2024-01-05 12:47:13,928 [werkzeug:_internal.py:_log:96]
 * Debugger is active!

INFO 2024-01-05 12:47:13,929 [werkzeug:_internal.py:_log:96]
 * Debugger PIN: 135-347-301

INFO 2024-01-05 12:47:16,623 [werkzeug:_internal.py:_log:96]
127.0.0.1 - - [05/Jan/2024 12:47:16] "GET / HTTP/1.1" 200 -

INFO 2024-01-05 12:47:16,650 [werkzeug:_internal.py:_log:96]
127.0.0.1 - - [05/Jan/2024 12:47:16] "GET /static/people/20190719_OurWeddingPhotos_018.jpg HTTP/1.1" 200 -

INFO 2024-01-05 12:47:27,852 [werkzeug:_internal.py:_log:96]
127.0.0.1 - - [05/Jan/2024 12:47:27] "POST /upload HTTP/1.1" 200 -

INFO 2024-01-05 12:47:31,555 [werkzeug:_internal.py:_log:96]
127.0.0.1 - - [05/Jan/2024 12:47:31] "GET / HTTP/1.1" 200 -

INFO 2024-01-05 12:47:31,571 [werkzeug:_internal.py:_log:96]
127.0.0.1 - - [05/Jan/2024 12:47:31] "GET /static/people/Screenshot_from_2023-11-01_13-20-34.png HTTP/1.1" 200 -

INFO 2024-01-05 12:47:31,579 [werkzeug:_internal.py:_log:96]
127.0.0.1 - - [05/Jan/2024 12:47:31] "[36mGET /static/people/20190719_OurWeddingPhotos_018.jpg HTTP/1.1[0m" 304 -

INFO 2024-01-05 12:47:34,085 [werkzeug:_internal.py:_log:96]
127.0.0.1 - - [05/Jan/2024 12:47:34] "POST /delete/people%2F20190719_OurWeddingPhotos_018.jpg HTTP/1.1" 200 -

INFO 2024-01-05 12:47:35,224 [werkzeug:_internal.py:_log:96]
127.0.0.1 - - [05/Jan/2024 12:47:35] "GET / HTTP/1.1" 200 -

INFO 2024-01-05 12:47:35,246 [werkzeug:_internal.py:_log:96]
127.0.0.1 - - [05/Jan/2024 12:47:35] "[36mGET /static/people/Screenshot_from_2023-11-01_13-20-34.png HTTP/1.1[0m" 304 -
